[35m[1mScanning dependencies of target _ros_interface_generate_messages_check_deps_GuideRoad[0m
[35m[1mScanning dependencies of target _ros_interface_generate_messages_check_deps_HMIDiagnosticStatus[0m
[35m[1mScanning dependencies of target _ros_interface_generate_messages_check_deps_HMIObuCmdMsg[0m
[35m[1mScanning dependencies of target _ros_interface_generate_messages_check_deps_HMITrajectory[0m
[35m[1mScanning dependencies of target _ros_interface_generate_messages_check_deps_CurvatureInfo[0m
[35m[1mScanning dependencies of target _ros_interface_generate_messages_check_deps_GuideInfo[0m
[  0%] Built target _ros_interface_generate_messages_check_deps_HMIObuCmdMsg
[  0%] Built target _ros_interface_generate_messages_check_deps_HMIDiagnosticStatus
[  0%] Built target _ros_interface_generate_messages_check_deps_CurvatureInfo
[35m[1mScanning dependencies of target _ros_interface_generate_messages_check_deps_VehicleParam[0m
[35m[1mScanning dependencies of target _ros_interface_generate_messages_check_deps_HMITrajectoryPoint[0m
[35m[1mScanning dependencies of target _ros_interface_generate_messages_check_deps_SpeedPoint[0m
[  0%] Built target _ros_interface_generate_messages_check_deps_HMITrajectory
[  0%] Built target _ros_interface_generate_messages_check_deps_GuideInfo
[35m[1mScanning dependencies of target _ros_interface_generate_messages_check_deps_Uncertainty[0m
[  0%] Built target _ros_interface_generate_messages_check_deps_GuideRoad
[35m[1mScanning dependencies of target _ros_interface_generate_messages_check_deps_CompressedImage[0m
[  0%] Built target _ros_interface_generate_messages_check_deps_HMITrajectoryPoint
[35m[1mScanning dependencies of target _ros_interface_generate_messages_check_deps_Location[0m
[35m[1mScanning dependencies of target _ros_interface_generate_messages_check_deps_RadarState[0m
[  0%] Built target _ros_interface_generate_messages_check_deps_SpeedPoint
[  0%] Built target _ros_interface_generate_messages_check_deps_VehicleParam
[35m[1mScanning dependencies of target _ros_interface_generate_messages_check_deps_ParkingInfoList[0m
[35m[1mScanning dependencies of target _ros_interface_generate_messages_check_deps_HMIObstacle[0m
[35m[1mScanning dependencies of target _ros_interface_generate_messages_check_deps_HMIVehicleMsg[0m
[  0%] Built target _ros_interface_generate_messages_check_deps_CompressedImage
[  0%] Built target _ros_interface_generate_messages_check_deps_Uncertainty
[35m[1mScanning dependencies of target _ros_interface_generate_messages_check_deps_HMIParkingInfo[0m
[35m[1mScanning dependencies of target _ros_interface_generate_messages_check_deps_HMIParkingStateDisplay[0m
[  0%] Built target _ros_interface_generate_messages_check_deps_Location
[  0%] Built target _ros_interface_generate_messages_check_deps_HMIObstacle
[  0%] Built target _ros_interface_generate_messages_check_deps_RadarState
[35m[1mScanning dependencies of target _ros_interface_generate_messages_check_deps_RoadMarkList[0m
[35m[1mScanning dependencies of target _ros_interface_generate_messages_check_deps_WLConstraintInfoList[0m
[  0%] Built target _ros_interface_generate_messages_check_deps_HMIVehicleMsg
[  0%] Built target _ros_interface_generate_messages_check_deps_ParkingInfoList
[35m[1mScanning dependencies of target _ros_interface_generate_messages_check_deps_Log[0m
[35m[1mScanning dependencies of target _ros_interface_generate_messages_check_deps_JunctionInfo[0m
[35m[1mScanning dependencies of target _ros_interface_generate_messages_check_deps_ParkingOutInfo[0m
[  0%] Built target _ros_interface_generate_messages_check_deps_HMIParkingInfo
[  0%] Built target _ros_interface_generate_messages_check_deps_WLConstraintInfoList
[  0%] Built target _ros_interface_generate_messages_check_deps_HMIParkingStateDisplay
[  0%] Built target _ros_interface_generate_messages_check_deps_RoadMarkList
[  0%] Built target _ros_interface_generate_messages_check_deps_ParkingOutInfo
[35m[1mScanning dependencies of target _ros_interface_generate_messages_check_deps_Point2dList[0m
[35m[1mScanning dependencies of target _ros_interface_generate_messages_check_deps_ParkingStateDisplay[0m
[35m[1mScanning dependencies of target _ros_interface_generate_messages_check_deps_Twist[0m
[  0%] Built target _ros_interface_generate_messages_check_deps_Log
[35m[1mScanning dependencies of target _ros_interface_generate_messages_check_deps_Ultrasonic[0m
[35m[1mScanning dependencies of target _ros_interface_generate_messages_check_deps_PredictionObstacles[0m
[  0%] Built target _ros_interface_generate_messages_check_deps_JunctionInfo
[35m[1mScanning dependencies of target _ros_interface_generate_messages_check_deps_VehicleConfig[0m
[35m[1mScanning dependencies of target _ros_interface_generate_messages_check_deps_SensorCalibrator[0m
[35m[1mScanning dependencies of target _ros_interface_generate_messages_check_deps_Polygon2D[0m
[  0%] Built target _ros_interface_generate_messages_check_deps_Point2dList
[  0%] Built target _ros_interface_generate_messages_check_deps_ParkingStateDisplay
[35m[1mScanning dependencies of target _ros_interface_generate_messages_check_deps_ADCTrajectory[0m
[  0%] Built target _ros_interface_generate_messages_check_deps_PredictionObstacles
[  0%] Built target _ros_interface_generate_messages_check_deps_Polygon2D
[35m[1mScanning dependencies of target _ros_interface_generate_messages_check_deps_SLPoint[0m
[35m[1mScanning dependencies of target _ros_interface_generate_messages_check_deps_PredictionObstacle[0m
[  0%] Built target _ros_interface_generate_messages_check_deps_Twist
[  0%] Built target _ros_interface_generate_messages_check_deps_VehicleConfig
[  0%] Built target _ros_interface_generate_messages_check_deps_SensorCalibrator
[35m[1mScanning dependencies of target _ros_interface_generate_messages_check_deps_PointENU[0m
[35m[1mScanning dependencies of target _ros_interface_generate_messages_check_deps_RadarObstacle[0m
[  0%] Built target _ros_interface_generate_messages_check_deps_Ultrasonic
[35m[1mScanning dependencies of target _ros_interface_generate_messages_check_deps_RoutingResponse[0m
[35m[1mScanning dependencies of target _ros_interface_generate_messages_check_deps_SLBoundary[0m
[35m[1mScanning dependencies of target _ros_interface_generate_messages_check_deps_WheelInfo[0m
[  0%] Built target _ros_interface_generate_messages_check_deps_ADCTrajectory
[35m[1mScanning dependencies of target _ros_interface_generate_messages_check_deps_Fault[0m
[  0%] Built target _ros_interface_generate_messages_check_deps_PredictionObstacle
[  0%] Built target _ros_interface_generate_messages_check_deps_SLPoint
[35m[1mScanning dependencies of target _ros_interface_generate_messages_check_deps_PredictionTrajectoryPoint[0m
[35m[1mScanning dependencies of target _ros_interface_generate_messages_check_deps_Status[0m
[  0%] Built target _ros_interface_generate_messages_check_deps_PointENU
[  0%] Built target _ros_interface_generate_messages_check_deps_SLBoundary
[  0%] Built target _ros_interface_generate_messages_check_deps_RoutingResponse
[  0%] Built target _ros_interface_generate_messages_check_deps_RadarObstacle
[  0%] Built target _ros_interface_generate_messages_check_deps_WheelInfo
[35m[1mScanning dependencies of target _ros_interface_generate_messages_check_deps_Quaternion[0m
[35m[1mScanning dependencies of target _ros_interface_generate_messages_check_deps_TrajectoryPoint[0m
[35m[1mScanning dependencies of target _ros_interface_generate_messages_check_deps_WarningCommand[0m
[  0%] Built target _ros_interface_generate_messages_check_deps_Fault
[35m[1mScanning dependencies of target _ros_interface_generate_messages_check_deps_PlanningAnalysis[0m
[35m[1mScanning dependencies of target _ros_interface_generate_messages_check_deps_LaneList[0m
[35m[1mScanning dependencies of target _ros_interface_generate_messages_check_deps_Path[0m
[  0%] Built target _ros_interface_generate_messages_check_deps_PredictionTrajectoryPoint
[  0%] Built target _ros_interface_generate_messages_check_deps_Status
[35m[1mScanning dependencies of target _ros_interface_generate_messages_check_deps_Time[0m
[  0%] Built target _ros_interface_generate_messages_check_deps_Quaternion
[35m[1mScanning dependencies of target _ros_interface_generate_messages_check_deps_RouteFusionInfo[0m
[  0%] Built target _ros_interface_generate_messages_check_deps_TrajectoryPoint
[35m[1mScanning dependencies of target _ros_interface_generate_messages_check_deps_GlobalRouteMsg[0m
[  0%] Built target _ros_interface_generate_messages_check_deps_LaneList
[  0%] Built target _ros_interface_generate_messages_check_deps_WarningCommand
[  0%] Built target _ros_interface_generate_messages_check_deps_PlanningAnalysis
[35m[1mScanning dependencies of target _ros_interface_generate_messages_check_deps_LaneletInfo[0m
[  0%] Built target _ros_interface_generate_messages_check_deps_Path
[35m[1mScanning dependencies of target _ros_interface_generate_messages_check_deps_DiagnosticStatus[0m
[35m[1mScanning dependencies of target _ros_interface_generate_messages_check_deps_Events[0m
[35m[1mScanning dependencies of target _ros_interface_generate_messages_check_deps_DiagnosticArray[0m
[35m[1mScanning dependencies of target _ros_interface_generate_messages_check_deps_Pavementype[0m
[  0%] Built target _ros_interface_generate_messages_check_deps_Time
[  0%] Built target _ros_interface_generate_messages_check_deps_GlobalRouteMsg
[35m[1mScanning dependencies of target _ros_interface_generate_messages_check_deps_Faults[0m
[  0%] Built target _ros_interface_generate_messages_check_deps_RouteFusionInfo
[35m[1mScanning dependencies of target _ros_interface_generate_messages_check_deps_LaneLine[0m
[35m[1mScanning dependencies of target _ros_interface_generate_messages_check_deps_VehicleSignal[0m
[  0%] Built target _ros_interface_generate_messages_check_deps_DiagnosticStatus
[  0%] Built target _ros_interface_generate_messages_check_deps_LaneletInfo
[  0%] Built target _ros_interface_generate_messages_check_deps_DiagnosticArray
[35m[1mScanning dependencies of target _ros_interface_generate_messages_check_deps_GaussianInfo[0m
[  0%] Built target _ros_interface_generate_messages_check_deps_Events
[  0%] Built target _ros_interface_generate_messages_check_deps_Pavementype
[35m[1mScanning dependencies of target _ros_interface_generate_messages_check_deps_Point3D[0m
[35m[1mScanning dependencies of target _ros_interface_generate_messages_check_deps_TrafficEvents[0m
[35m[1mScanning dependencies of target _ros_interface_generate_messages_check_deps_AlarmMessage[0m
[35m[1mScanning dependencies of target _ros_interface_generate_messages_check_deps_PadMessage[0m
[  0%] Built target _ros_interface_generate_messages_check_deps_Faults
[  0%] Built target _ros_interface_generate_messages_check_deps_LaneLine
[  0%] Built target _ros_interface_generate_messages_check_deps_VehicleSignal
[35m[1mScanning dependencies of target _ros_interface_generate_messages_check_deps_BBox2D[0m
[35m[1mScanning dependencies of target _ros_interface_generate_messages_check_deps_TrafficLightMsg[0m
[  0%] Built target _ros_interface_generate_messages_check_deps_Point3D
[35m[1mScanning dependencies of target _ros_interface_generate_messages_check_deps_Obstacle[0m
[  0%] Built target _ros_interface_generate_messages_check_deps_GaussianInfo
[  0%] Built target _ros_interface_generate_messages_check_deps_TrafficEvents
[  0%] Built target _ros_interface_generate_messages_check_deps_PadMessage
[35m[1mScanning dependencies of target _ros_interface_generate_messages_check_deps_RSSInfo[0m
[  0%] Built target _ros_interface_generate_messages_check_deps_AlarmMessage
[35m[1mScanning dependencies of target _ros_interface_generate_messages_check_deps_Pose[0m
[35m[1mScanning dependencies of target _ros_interface_generate_messages_check_deps_ObstaclePriority[0m
[35m[1mScanning dependencies of target _ros_interface_generate_messages_check_deps_FrenetFramePoint[0m
[35m[1mScanning dependencies of target _ros_interface_generate_messages_check_deps_PlanningCmd[0m
[  0%] Built target _ros_interface_generate_messages_check_deps_BBox2D
[  0%] Built target _ros_interface_generate_messages_check_deps_TrafficLightMsg
[35m[1mScanning dependencies of target _ros_interface_generate_messages_check_deps_KeyValues[0m
[35m[1mScanning dependencies of target _ros_interface_generate_messages_check_deps_PlanningParkingDebug[0m
[  0%] Built target _ros_interface_generate_messages_check_deps_Pose
[  0%] Built target _ros_interface_generate_messages_check_deps_RSSInfo
[  0%] Built target _ros_interface_generate_messages_check_deps_Obstacle
[  0%] Built target _ros_interface_generate_messages_check_deps_FrenetFramePoint
[35m[1mScanning dependencies of target _ros_interface_generate_messages_check_deps_TrajectoryPointInPrediction[0m
[  0%] Built target _ros_interface_generate_messages_check_deps_ObstaclePriority
[35m[1mScanning dependencies of target _ros_interface_generate_messages_check_deps_PointBasic[0m
[35m[1mScanning dependencies of target _ros_interface_generate_messages_check_deps_PerceptionObstacle[0m
[35m[1mScanning dependencies of target _ros_interface_generate_messages_check_deps_HMIObuCmd[0m
[  0%] Built target _ros_interface_generate_messages_check_deps_PlanningCmd
[35m[1mScanning dependencies of target _ros_interface_generate_messages_check_deps_LaneLineCubicCurve[0m
[  0%] Built target _ros_interface_generate_messages_check_deps_KeyValues
[  0%] Built target _ros_interface_generate_messages_check_deps_PlanningParkingDebug
[35m[1mScanning dependencies of target _ros_interface_generate_messages_check_deps_HolisticPathPrediction[0m
[35m[1mScanning dependencies of target _ros_interface_generate_messages_check_deps_CameraParkingInfoList[0m
[35m[1mScanning dependencies of target _ros_interface_generate_messages_check_deps_TrafficLightBox[0m
[  0%] Built target _ros_interface_generate_messages_check_deps_TrajectoryPointInPrediction
[  0%] Built target _ros_interface_generate_messages_check_deps_PerceptionObstacle
[  0%] Built target _ros_interface_generate_messages_check_deps_LaneLineCubicCurve
[  0%] Built target _ros_interface_generate_messages_check_deps_HMIObuCmd
[35m[1mScanning dependencies of target _ros_interface_generate_messages_check_deps_ImageRect[0m
[  0%] Built target _ros_interface_generate_messages_check_deps_PointBasic
[35m[1mScanning dependencies of target _ros_interface_generate_messages_check_deps_Stories[0m
[35m[1mScanning dependencies of target std_msgs_generate_messages_nodejs[0m
[35m[1mScanning dependencies of target _ros_interface_generate_messages_check_deps_TimeConsume[0m
[35m[1mScanning dependencies of target _ros_interface_generate_messages_check_deps_RadarStateMode[0m
[  0%] Built target _ros_interface_generate_messages_check_deps_CameraParkingInfoList
[  0%] Built target _ros_interface_generate_messages_check_deps_TrafficLightBox
[  0%] Built target _ros_interface_generate_messages_check_deps_HolisticPathPrediction
[  0%] Built target std_msgs_generate_messages_nodejs
[35m[1mScanning dependencies of target _ros_interface_generate_messages_check_deps_SotifMonitorResult[0m
[35m[1mScanning dependencies of target _ros_interface_generate_messages_check_deps_ObstacleList[0m
[35m[1mScanning dependencies of target _ros_interface_generate_messages_check_deps_Grid[0m
[35m[1mScanning dependencies of target _ros_interface_generate_messages_check_deps_SecurityDecision[0m
[  0%] Built target _ros_interface_generate_messages_check_deps_ImageRect
[  0%] Built target _ros_interface_generate_messages_check_deps_TimeConsume
[  0%] Built target _ros_interface_generate_messages_check_deps_Stories
[35m[1mScanning dependencies of target _ros_interface_generate_messages_check_deps_ControlCommand[0m
[35m[1mScanning dependencies of target _ros_interface_generate_messages_check_deps_TrajectoryLimitCommand[0m
[  0%] Built target _ros_interface_generate_messages_check_deps_RadarStateMode
[35m[1mScanning dependencies of target _ros_interface_generate_messages_check_deps_LaneInfo[0m
[  0%] Built target _ros_interface_generate_messages_check_deps_SotifMonitorResult
[  0%] Built target _ros_interface_generate_messages_check_deps_ObstacleList
[35m[1mScanning dependencies of target _ros_interface_generate_messages_check_deps_CommCommand[0m
[  0%] Built target _ros_interface_generate_messages_check_deps_Grid
[35m[1mScanning dependencies of target _ros_interface_generate_messages_check_deps_HMIObstacleList[0m
[35m[1mScanning dependencies of target _ros_interface_generate_messages_check_deps_PathPoint[0m
[35m[1mScanning dependencies of target _ros_interface_generate_messages_check_deps_CommandRespond[0m
[  0%] Built target _ros_interface_generate_messages_check_deps_SecurityDecision
[  0%] Built target _ros_interface_generate_messages_check_deps_ControlCommand
[  0%] Built target _ros_interface_generate_messages_check_deps_LaneInfo
[35m[1mScanning dependencies of target _ros_interface_generate_messages_check_deps_ModuleStatus[0m
[35m[1mScanning dependencies of target _ros_interface_generate_messages_check_deps_UssParkingInfo[0m
[  0%] Built target _ros_interface_generate_messages_check_deps_TrajectoryLimitCommand
[35m[1mScanning dependencies of target _ros_interface_generate_messages_check_deps_TrajectoryArray[0m
[35m[1mScanning dependencies of target _ros_interface_generate_messages_check_deps_VehicleState[0m
[  0%] Built target _ros_interface_generate_messages_check_deps_CommCommand
[35m[1mScanning dependencies of target _ros_interface_generate_messages_check_deps_Imu[0m
[  0%] Built target _ros_interface_generate_messages_check_deps_CommandRespond
[  0%] Built target _ros_interface_generate_messages_check_deps_HMIObstacleList
[  0%] Built target _ros_interface_generate_messages_check_deps_PathPoint
[35m[1mScanning dependencies of target _ros_interface_generate_messages_check_deps_PointLLH[0m
[35m[1mScanning dependencies of target _ros_interface_generate_messages_check_deps_ObstacleInteractiveTag[0m
[35m[1mScanning dependencies of target _ros_interface_generate_messages_check_deps_RadarObstacleListMsg[0m
[  0%] Built target _ros_interface_generate_messages_check_deps_UssParkingInfo
[  0%] Built target _ros_interface_generate_messages_check_deps_ModuleStatus
[35m[1mScanning dependencies of target _ros_interface_generate_messages_check_deps_Odometry[0m
[  0%] Built target _ros_interface_generate_messages_check_deps_TrajectoryArray
[35m[1mScanning dependencies of target _ros_interface_generate_messages_check_deps_UltrasonicObstacle[0m
[  0%] Built target _ros_interface_generate_messages_check_deps_VehicleState
[  0%] Built target _ros_interface_generate_messages_check_deps_Imu
[35m[1mScanning dependencies of target _ros_interface_generate_messages_check_deps_PointXYZIRT[0m
[35m[1mScanning dependencies of target _ros_interface_generate_messages_check_deps_FreeSpace[0m
[35m[1mScanning dependencies of target _ros_interface_generate_messages_check_deps_Region[0m
[  0%] Built target _ros_interface_generate_messages_check_deps_PointLLH
[  0%] Built target _ros_interface_generate_messages_check_deps_RadarObstacleListMsg
[  0%] Built target _ros_interface_generate_messages_check_deps_ObstacleInteractiveTag
[35m[1mScanning dependencies of target _ros_interface_generate_messages_check_deps_Gnss[0m
[  0%] Built target _ros_interface_generate_messages_check_deps_UltrasonicObstacle
[  0%] Built target _ros_interface_generate_messages_check_deps_Odometry
[35m[1mScanning dependencies of target _ros_interface_generate_messages_check_deps_Ins[0m
[35m[1mScanning dependencies of target _ros_interface_generate_messages_check_deps_ObuCmd[0m
[35m[1mScanning dependencies of target _ros_interface_generate_messages_check_deps_CameraParkingInfo[0m
[  0%] Built target _ros_interface_generate_messages_check_deps_PointXYZIRT
[35m[1mScanning dependencies of target _ros_interface_generate_messages_check_deps_ParkingInfo[0m
[  0%] Built target _ros_interface_generate_messages_check_deps_FreeSpace
[35m[1mScanning dependencies of target _ros_interface_generate_messages_check_deps_Command[0m
[  0%] Built target _ros_interface_generate_messages_check_deps_Region
[35m[1mScanning dependencies of target _ros_interface_generate_messages_check_deps_LimitSpeedInfo[0m
[35m[1mScanning dependencies of target _ros_interface_generate_messages_check_deps_Chassis[0m
[  0%] Built target _ros_interface_generate_messages_check_deps_Gnss
[  0%] Built target _ros_interface_generate_messages_check_deps_Ins
[  0%] Built target _ros_interface_generate_messages_check_deps_CameraParkingInfo
[35m[1mScanning dependencies of target _ros_interface_generate_messages_check_deps_TrafficLight[0m
[  0%] Built target _ros_interface_generate_messages_check_deps_ObuCmd
[35m[1mScanning dependencies of target _ros_interface_generate_messages_check_deps_KeyPoint[0m
[35m[1mScanning dependencies of target _ros_interface_generate_messages_check_deps_LanePoint[0m
[  0%] Built target _ros_interface_generate_messages_check_deps_ParkingInfo
[35m[1mScanning dependencies of target _ros_interface_generate_messages_check_deps_StopInfo[0m
[35m[1mScanning dependencies of target _ros_interface_generate_messages_check_deps_Image[0m
[  0%] Built target _ros_interface_generate_messages_check_deps_Command
[  0%] Built target _ros_interface_generate_messages_check_deps_LimitSpeedInfo
[  0%] Built target _ros_interface_generate_messages_check_deps_Chassis
[35m[1mScanning dependencies of target _ros_interface_generate_messages_check_deps_ObstacleFeature[0m
[  0%] Built target _ros_interface_generate_messages_check_deps_TrafficLight
[35m[1mScanning dependencies of target _ros_interface_generate_messages_check_deps_VehicleMotionPoint[0m
[35m[1mScanning dependencies of target _ros_interface_generate_messages_check_deps_PointCloud[0m
[  0%] Built target _ros_interface_generate_messages_check_deps_KeyPoint
[  0%] Built target _ros_interface_generate_messages_check_deps_LanePoint
[35m[1mScanning dependencies of target _ros_interface_generate_messages_check_deps_RoutingRequest[0m
[  0%] Built target _ros_interface_generate_messages_check_deps_Image
[  0%] Built target _ros_interface_generate_messages_check_deps_StopInfo
[35m[1mScanning dependencies of target _ros_interface_generate_messages_check_deps_TrafficLightDebug[0m
[35m[1mScanning dependencies of target _ros_interface_generate_messages_check_deps_TrajectoryInPrediction[0m
[35m[1mScanning dependencies of target _ros_interface_generate_messages_check_deps_ObstacleIntent[0m
[35m[1mScanning dependencies of target _ros_interface_generate_messages_check_deps_StopPoint[0m
[  0%] Built target _ros_interface_generate_messages_check_deps_ObstacleFeature
[  0%] Built target _ros_interface_generate_messages_check_deps_VehicleMotionPoint
[  0%] Built target _ros_interface_generate_messages_check_deps_PointCloud
[35m[1mScanning dependencies of target _ros_interface_generate_messages_check_deps_ParkingStopper[0m
[  0%] Built target _ros_interface_generate_messages_check_deps_RoutingRequest
[35m[1mScanning dependencies of target _ros_interface_generate_messages_check_deps_CameraParkingStopper[0m
[35m[1mScanning dependencies of target _ros_interface_generate_messages_check_deps_UssParkingInfoList[0m
[  0%] Built target _ros_interface_generate_messages_check_deps_ObstacleIntent
[35m[1mScanning dependencies of target _ros_interface_generate_messages_check_deps_UssObstacle[0m
[  0%] Built target _ros_interface_generate_messages_check_deps_TrajectoryInPrediction
[35m[1mScanning dependencies of target _ros_interface_generate_messages_check_deps_UssObstacleList[0m
[  0%] Built target _ros_interface_generate_messages_check_deps_TrafficLightDebug
[35m[1mScanning dependencies of target _ros_interface_generate_messages_check_deps_WLConstraintInfo[0m
[35m[1mScanning dependencies of target _ros_interface_generate_messages_check_deps_HMIParkingInfoList[0m
[  0%] Built target _ros_interface_generate_messages_check_deps_StopPoint
[35m[1mScanning dependencies of target _ros_interface_generate_messages_check_deps_Point2D[0m
[  0%] Built target _ros_interface_generate_messages_check_deps_ParkingStopper
[  0%] Built target _ros_interface_generate_messages_check_deps_CameraParkingStopper
[  0%] Built target _ros_interface_generate_messages_check_deps_UssParkingInfoList
[  0%] Built target _ros_interface_generate_messages_check_deps_UssObstacle
[35m[1mScanning dependencies of target _ros_interface_generate_messages_check_deps_Message[0m
[35m[1mScanning dependencies of target _ros_interface_generate_messages_check_deps_Event[0m
[  0%] Built target _ros_interface_generate_messages_check_deps_UssObstacleList
[35m[1mScanning dependencies of target _ros_interface_generate_messages_check_deps_Polygon3D[0m
[  0%] Built target _ros_interface_generate_messages_check_deps_HMIParkingInfoList
[35m[1mScanning dependencies of target _ros_interface_generate_messages_check_deps_ObuCmdMsg[0m
[  0%] Built target _ros_interface_generate_messages_check_deps_WLConstraintInfo
[35m[1mScanning dependencies of target _ros_interface_generate_messages_check_deps_VehicleMotion[0m
[35m[1mScanning dependencies of target _ros_interface_generate_messages_check_deps_ParkingRoi[0m
[35m[1mScanning dependencies of target _ros_interface_generate_messages_check_deps_EndPoints[0m
[  0%] Built target _ros_interface_generate_messages_check_deps_Point2D
[35m[1mScanning dependencies of target _ros_interface_generate_messages_check_deps_Trajectory[0m
[  0%] Built target _ros_interface_generate_messages_check_deps_Event
[  0%] Built target _ros_interface_generate_messages_check_deps_Message
[  0%] Built target _ros_interface_generate_messages_check_deps_ObuCmdMsg
[  0%] Built target _ros_interface_generate_messages_check_deps_Polygon3D
[35m[1mScanning dependencies of target _ros_interface_generate_messages_check_deps_RoadMark[0m
[35m[1mScanning dependencies of target _ros_interface_generate_messages_check_deps_EStop[0m
[  0%] Built target _ros_interface_generate_messages_check_deps_EndPoints
[35m[1mScanning dependencies of target _ros_interface_generate_messages_check_deps_RadarStateError[0m
[35m[1mScanning dependencies of target _ros_interface_generate_messages_check_deps_ControlAnalysis[0m
[  0%] Built target _ros_interface_generate_messages_check_deps_VehicleMotion
[35m[1mScanning dependencies of target _ros_interface_generate_messages_check_deps_DrivableRegion[0m
[  0%] Built target _ros_interface_generate_messages_check_deps_ParkingRoi
[35m[1mScanning dependencies of target _ros_interface_generate_messages_check_deps_Matrix3D[0m
[  0%] Built target _ros_interface_generate_messages_check_deps_Trajectory
[35m[1mScanning dependencies of target _ros_interface_generate_messages_check_deps_ImageKeyPoint[0m
[35m[1mScanning dependencies of target _ros_interface_generate_messages_check_deps_HMIDiagnosticArray[0m
[  0%] Built target _ros_interface_generate_messages_check_deps_EStop
[  0%] Built target _ros_interface_generate_messages_check_deps_RadarStateError
[  0%] Built target _ros_interface_generate_messages_check_deps_RoadMark
[  0%] Built target _ros_interface_generate_messages_check_deps_ControlAnalysis
[35m[1mScanning dependencies of target _ros_interface_generate_messages_check_deps_Header[0m
[35m[1mScanning dependencies of target std_msgs_generate_messages_eus[0m
[35m[1mScanning dependencies of target std_msgs_generate_messages_cpp[0m
[35m[1mScanning dependencies of target std_msgs_generate_messages_lisp[0m
[  0%] Built target _ros_interface_generate_messages_check_deps_Matrix3D
[  0%] Built target _ros_interface_generate_messages_check_deps_DrivableRegion
[  0%] Built target _ros_interface_generate_messages_check_deps_HMIDiagnosticArray
[  0%] Built target std_msgs_generate_messages_lisp
[  0%] Built target _ros_interface_generate_messages_check_deps_ImageKeyPoint
[  0%] Built target std_msgs_generate_messages_eus
[35m[1mScanning dependencies of target std_msgs_generate_messages_py[0m
[  0%] Built target std_msgs_generate_messages_cpp
[  0%] Built target std_msgs_generate_messages_py
[  0%] Built target _ros_interface_generate_messages_check_deps_Header
[35m[1mScanning dependencies of target ros_interface_generate_messages_cpp[0m
[35m[1mScanning dependencies of target ros_interface_generate_messages_eus[0m
[35m[1mScanning dependencies of target ros_interface_generate_messages_nodejs[0m
[35m[1mScanning dependencies of target ros_interface_generate_messages_py[0m
[35m[1mScanning dependencies of target ros_interface_generate_messages_lisp[0m
[  0%] [34m[1mGenerating EusLisp code from ros_interface/PointENU.msg[0m
[  0%] [34m[1mGenerating C++ code from ros_interface/Header.msg[0m
[  0%] [34m[1mGenerating Python from MSG ros_interface/Header[0m
[  0%] [34m[1mGenerating Lisp code from ros_interface/Header.msg[0m
[  0%] [34m[1mGenerating EusLisp code from ros_interface/Header.msg[0m
[  1%] [34m[1mGenerating EusLisp code from ros_interface/Time.msg[0m
[  1%] [34m[1mGenerating Javascript code from ros_interface/Header.msg[0m
[  1%] [34m[1mGenerating EusLisp code from ros_interface/Status.msg[0m
[  1%] [34m[1mGenerating Lisp code from ros_interface/Time.msg[0m
[  1%] [34m[1mGenerating C++ code from ros_interface/Time.msg[0m
[  1%] [34m[1mGenerating EusLisp code from ros_interface/PointBasic.msg[0m
[  1%] [34m[1mGenerating Javascript code from ros_interface/Time.msg[0m
[  1%] [34m[1mGenerating EusLisp code from ros_interface/Point2D.msg[0m
[  1%] [34m[1mGenerating C++ code from ros_interface/Status.msg[0m
[  1%] [34m[1mGenerating EusLisp code from ros_interface/PointLLH.msg[0m
[  2%] [34m[1mGenerating Lisp code from ros_interface/Status.msg[0m
[  2%] [34m[1mGenerating Python from MSG ros_interface/Time[0m
[  2%] [34m[1mGenerating Javascript code from ros_interface/Status.msg[0m
[  2%] [34m[1mGenerating EusLisp code from ros_interface/Point3D.msg[0m
[  2%] [34m[1mGenerating C++ code from ros_interface/PointENU.msg[0m
[  2%] [34m[1mGenerating Lisp code from ros_interface/PointENU.msg[0m
[  2%] [34m[1mGenerating EusLisp code from ros_interface/Quaternion.msg[0m
[  2%] [34m[1mGenerating Python from MSG ros_interface/Status[0m
[  2%] [34m[1mGenerating Javascript code from ros_interface/PointENU.msg[0m
[  2%] [34m[1mGenerating C++ code from ros_interface/PointBasic.msg[0m
[  2%] [34m[1mGenerating Lisp code from ros_interface/PointBasic.msg[0m
[  3%] [34m[1mGenerating EusLisp code from ros_interface/Polygon3D.msg[0m
[  4%] [34m[1mGenerating Javascript code from ros_interface/PointBasic.msg[0m
[  4%] [34m[1mGenerating Lisp code from ros_interface/PointLLH.msg[0m
[  4%] [34m[1mGenerating Lisp code from ros_interface/Point2D.msg[0m
[  4%] [34m[1mGenerating Python from MSG ros_interface/PointENU[0m
[  4%] [34m[1mGenerating Python from MSG ros_interface/PointBasic[0m
[  4%] [34m[1mGenerating C++ code from ros_interface/PointLLH.msg[0m
[  4%] [34m[1mGenerating Javascript code from ros_interface/PointLLH.msg[0m
[  4%] [34m[1mGenerating Lisp code from ros_interface/Quaternion.msg[0m
[  4%] [34m[1mGenerating Lisp code from ros_interface/Point3D.msg[0m
[  4%] [34m[1mGenerating EusLisp code from ros_interface/Polygon2D.msg[0m
[  4%] [34m[1mGenerating C++ code from ros_interface/Point2D.msg[0m
[  4%] [34m[1mGenerating Lisp code from ros_interface/Polygon3D.msg[0m
[  4%] [34m[1mGenerating Javascript code from ros_interface/Point2D.msg[0m
[  4%] [34m[1mGenerating Lisp code from ros_interface/ImageKeyPoint.msg[0m
[  5%] [34m[1mGenerating Lisp code from ros_interface/Polygon2D.msg[0m
[  5%] [34m[1mGenerating EusLisp code from ros_interface/ImageKeyPoint.msg[0m
[  6%] [34m[1mGenerating C++ code from ros_interface/Point3D.msg[0m
[  6%] [34m[1mGenerating EusLisp code from ros_interface/SLPoint.msg[0m
[  6%] [34m[1mGenerating Javascript code from ros_interface/Point3D.msg[0m
[  6%] [34m[1mGenerating Python from MSG ros_interface/PointLLH[0m
[  6%] [34m[1mGenerating Lisp code from ros_interface/SLPoint.msg[0m
[  6%] [34m[1mGenerating Lisp code from ros_interface/SLBoundary.msg[0m
[  7%] [34m[1mGenerating Python from MSG ros_interface/Point2D[0m
[  7%] [34m[1mGenerating Lisp code from ros_interface/FrenetFramePoint.msg[0m
[  7%] [34m[1mGenerating Javascript code from ros_interface/Quaternion.msg[0m
[  7%] [34m[1mGenerating EusLisp code from ros_interface/SLBoundary.msg[0m
[  7%] [34m[1mGenerating Lisp code from ros_interface/SpeedPoint.msg[0m
[  7%] [34m[1mGenerating C++ code from ros_interface/Quaternion.msg[0m
[  7%] [34m[1mGenerating Lisp code from ros_interface/PathPoint.msg[0m
[  7%] [34m[1mGenerating Javascript code from ros_interface/Polygon3D.msg[0m
[  7%] [34m[1mGenerating EusLisp code from ros_interface/FrenetFramePoint.msg[0m
[  7%] [34m[1mGenerating Javascript code from ros_interface/Polygon2D.msg[0m
[  7%] [34m[1mGenerating Lisp code from ros_interface/Path.msg[0m
[  7%] [34m[1mGenerating EusLisp code from ros_interface/SpeedPoint.msg[0m
[  7%] [34m[1mGenerating Python from MSG ros_interface/Point3D[0m
[  8%] [34m[1mGenerating Lisp code from ros_interface/TrajectoryPoint.msg[0m
[  8%] [34m[1mGenerating Python from MSG ros_interface/Quaternion[0m
[  8%] [34m[1mGenerating Javascript code from ros_interface/ImageKeyPoint.msg[0m
[  8%] [34m[1mGenerating EusLisp code from ros_interface/PathPoint.msg[0m
[  8%] [34m[1mGenerating Python from MSG ros_interface/Polygon3D[0m
[  8%] [34m[1mGenerating C++ code from ros_interface/Polygon3D.msg[0m
[  8%] [34m[1mGenerating Python from MSG ros_interface/Polygon2D[0m
[  9%] [34m[1mGenerating Javascript code from ros_interface/SLPoint.msg[0m
[  9%] [34m[1mGenerating Lisp code from ros_interface/Trajectory.msg[0m
[ 10%] [34m[1mGenerating EusLisp code from ros_interface/Path.msg[0m
[ 10%] [34m[1mGenerating Python from MSG ros_interface/ImageKeyPoint[0m
[ 10%] [34m[1mGenerating C++ code from ros_interface/Polygon2D.msg[0m
[ 10%] [34m[1mGenerating Lisp code from ros_interface/VehicleMotionPoint.msg[0m
[ 10%] [34m[1mGenerating Javascript code from ros_interface/SLBoundary.msg[0m
[ 10%] [34m[1mGenerating C++ code from ros_interface/ImageKeyPoint.msg[0m
[ 10%] [34m[1mGenerating Python from MSG ros_interface/SLPoint[0m
[ 10%] [34m[1mGenerating EusLisp code from ros_interface/TrajectoryPoint.msg[0m
[ 10%] [34m[1mGenerating Lisp code from ros_interface/VehicleMotion.msg[0m
[ 10%] [34m[1mGenerating Javascript code from ros_interface/FrenetFramePoint.msg[0m
[ 10%] [34m[1mGenerating Lisp code from ros_interface/GaussianInfo.msg[0m
[ 10%] [34m[1mGenerating EusLisp code from ros_interface/Trajectory.msg[0m
[ 10%] [34m[1mGenerating C++ code from ros_interface/SLPoint.msg[0m
[ 10%] [34m[1mGenerating Javascript code from ros_interface/SpeedPoint.msg[0m
[ 10%] [34m[1mGenerating EusLisp code from ros_interface/VehicleMotionPoint.msg[0m
[ 10%] [34m[1mGenerating C++ code from ros_interface/SLBoundary.msg[0m
[ 10%] [34m[1mGenerating Lisp code from ros_interface/VehicleSignal.msg[0m
[ 10%] [34m[1mGenerating Lisp code from ros_interface/PadMessage.msg[0m
[ 10%] [34m[1mGenerating Lisp code from ros_interface/Stories.msg[0m
[ 10%] [34m[1mGenerating Python from MSG ros_interface/SLBoundary[0m
[ 11%] [34m[1mGenerating Lisp code from ros_interface/Fault.msg[0m
[ 11%] [34m[1mGenerating Javascript code from ros_interface/PathPoint.msg[0m
[ 11%] [34m[1mGenerating EusLisp code from ros_interface/VehicleMotion.msg[0m
[ 11%] [34m[1mGenerating C++ code from ros_interface/FrenetFramePoint.msg[0m
[ 11%] [34m[1mGenerating EusLisp code from ros_interface/GaussianInfo.msg[0m
[ 11%] [34m[1mGenerating EusLisp code from ros_interface/VehicleSignal.msg[0m
[ 11%] [34m[1mGenerating Lisp code from ros_interface/Faults.msg[0m
[ 11%] [34m[1mGenerating Lisp code from ros_interface/Event.msg[0m
[ 11%] [34m[1mGenerating Javascript code from ros_interface/Path.msg[0m
[ 11%] [34m[1mGenerating EusLisp code from ros_interface/PadMessage.msg[0m
[ 12%] [34m[1mGenerating Python from MSG ros_interface/FrenetFramePoint[0m
[ 12%] [34m[1mGenerating Lisp code from ros_interface/Events.msg[0m
[ 13%] [34m[1mGenerating EusLisp code from ros_interface/Stories.msg[0m
[ 13%] [34m[1mGenerating Lisp code from ros_interface/EStop.msg[0m
[ 14%] [34m[1mGenerating C++ code from ros_interface/SpeedPoint.msg[0m
[ 14%] [34m[1mGenerating C++ code from ros_interface/PathPoint.msg[0m
[ 14%] [34m[1mGenerating Javascript code from ros_interface/TrajectoryPoint.msg[0m
[ 14%] [34m[1mGenerating C++ code from ros_interface/Path.msg[0m
[ 14%] [34m[1mGenerating Lisp code from ros_interface/Matrix3D.msg[0m
[ 14%] [34m[1mGenerating Javascript code from ros_interface/Trajectory.msg[0m
[ 14%] [34m[1mGenerating EusLisp code from ros_interface/Fault.msg[0m
[ 14%] [34m[1mGenerating Python from MSG ros_interface/SpeedPoint[0m
[ 14%] [34m[1mGenerating Lisp code from ros_interface/Pose.msg[0m
[ 14%] [34m[1mGenerating EusLisp code from ros_interface/Faults.msg[0m
[ 14%] [34m[1mGenerating C++ code from ros_interface/TrajectoryPoint.msg[0m
[ 15%] [34m[1mGenerating Javascript code from ros_interface/VehicleMotionPoint.msg[0m
[ 15%] [34m[1mGenerating EusLisp code from ros_interface/Event.msg[0m
[ 15%] [34m[1mGenerating C++ code from ros_interface/Trajectory.msg[0m
[ 15%] [34m[1mGenerating EusLisp code from ros_interface/Events.msg[0m
[ 15%] [34m[1mGenerating Lisp code from ros_interface/Uncertainty.msg[0m
[ 15%] [34m[1mGenerating Javascript code from ros_interface/VehicleMotion.msg[0m
[ 15%] [34m[1mGenerating Javascript code from ros_interface/GaussianInfo.msg[0m
[ 15%] [34m[1mGenerating Python from MSG ros_interface/PathPoint[0m
[ 15%] [34m[1mGenerating Python from MSG ros_interface/Path[0m
[ 15%] [34m[1mGenerating C++ code from ros_interface/VehicleMotionPoint.msg[0m
[ 15%] [34m[1mGenerating EusLisp code from ros_interface/EStop.msg[0m
[ 15%] [34m[1mGenerating C++ code from ros_interface/VehicleMotion.msg[0m
[ 16%] [34m[1mGenerating Lisp code from ros_interface/Chassis.msg[0m
[ 16%] [34m[1mGenerating Lisp code from ros_interface/ControlCommand.msg[0m
[ 16%] [34m[1mGenerating Javascript code from ros_interface/VehicleSignal.msg[0m
[ 16%] [34m[1mGenerating EusLisp code from ros_interface/Matrix3D.msg[0m
[ 16%] [34m[1mGenerating Lisp code from ros_interface/WheelInfo.msg[0m
[ 16%] [34m[1mGenerating Javascript code from ros_interface/PadMessage.msg[0m
[ 16%] [34m[1mGenerating C++ code from ros_interface/GaussianInfo.msg[0m
[ 16%] [34m[1mGenerating Javascript code from ros_interface/Stories.msg[0m
[ 17%] [34m[1mGenerating C++ code from ros_interface/VehicleSignal.msg[0m
[ 17%] [34m[1mGenerating Python from MSG ros_interface/TrajectoryPoint[0m
[ 17%] [34m[1mGenerating Python from MSG ros_interface/Trajectory[0m
[ 17%] [34m[1mGenerating Lisp code from ros_interface/ControlAnalysis.msg[0m
[ 17%] [34m[1mGenerating Lisp code from ros_interface/VehicleParam.msg[0m
[ 17%] [34m[1mGenerating EusLisp code from ros_interface/Pose.msg[0m
[ 17%] [34m[1mGenerating Javascript code from ros_interface/Fault.msg[0m
[ 17%] [34m[1mGenerating Python from MSG ros_interface/VehicleMotionPoint[0m
[ 17%] [34m[1mGenerating Lisp code from ros_interface/VehicleConfig.msg[0m
[ 17%] [34m[1mGenerating Python from MSG ros_interface/VehicleMotion[0m
[ 17%] [34m[1mGenerating Javascript code from ros_interface/Faults.msg[0m
[ 17%] [34m[1mGenerating C++ code from ros_interface/PadMessage.msg[0m
[ 18%] [34m[1mGenerating EusLisp code from ros_interface/Uncertainty.msg[0m
[ 18%] [34m[1mGenerating Lisp code from ros_interface/PredictionObstacles.msg[0m
[ 19%] [34m[1mGenerating Javascript code from ros_interface/Event.msg[0m
[ 19%] [34m[1mGenerating Lisp code from ros_interface/Location.msg[0m
[ 19%] [34m[1mGenerating Javascript code from ros_interface/Events.msg[0m
[ 19%] [34m[1mGenerating Javascript code from ros_interface/EStop.msg[0m
[ 19%] [34m[1mGenerating Javascript code from ros_interface/Matrix3D.msg[0m
[ 19%] [34m[1mGenerating C++ code from ros_interface/Stories.msg[0m
[ 19%] [34m[1mGenerating EusLisp code from ros_interface/Chassis.msg[0m
[ 19%] [34m[1mGenerating EusLisp code from ros_interface/ControlCommand.msg[0m
[ 20%] [34m[1mGenerating Lisp code from ros_interface/Odometry.msg[0m
[ 21%] [34m[1mGenerating Python from MSG ros_interface/GaussianInfo[0m
[ 21%] [34m[1mGenerating Javascript code from ros_interface/Pose.msg[0m
[ 21%] [34m[1mGenerating Javascript code from ros_interface/Uncertainty.msg[0m
[ 21%] [34m[1mGenerating Javascript code from ros_interface/Chassis.msg[0m
[ 21%] [34m[1mGenerating Lisp code from ros_interface/ObstacleList.msg[0m
[ 21%] [34m[1mGenerating Lisp code from ros_interface/LaneList.msg[0m
[ 21%] [34m[1mGenerating C++ code from ros_interface/Fault.msg[0m
[ 21%] [34m[1mGenerating EusLisp code from ros_interface/WheelInfo.msg[0m
[ 21%] [34m[1mGenerating C++ code from ros_interface/Faults.msg[0m
[ 21%] [34m[1mGenerating Python from MSG ros_interface/VehicleSignal[0m
[ 21%] [34m[1mGenerating Lisp code from ros_interface/TrafficLightMsg.msg[0m
[ 21%] [34m[1mGenerating Lisp code from ros_interface/Ultrasonic.msg[0m
[ 21%] [34m[1mGenerating Javascript code from ros_interface/ControlCommand.msg[0m
[ 22%] [34m[1mGenerating Javascript code from ros_interface/WheelInfo.msg[0m
[ 22%] [34m[1mGenerating EusLisp code from ros_interface/ControlAnalysis.msg[0m
[ 22%] [34m[1mGenerating C++ code from ros_interface/Event.msg[0m
[ 22%] [34m[1mGenerating C++ code from ros_interface/Events.msg[0m
[ 22%] [34m[1mGenerating Lisp code from ros_interface/RadarObstacleListMsg.msg[0m
[ 22%] [34m[1mGenerating Lisp code from ros_interface/PointCloud.msg[0m
[ 22%] [34m[1mGenerating Javascript code from ros_interface/ControlAnalysis.msg[0m
[ 22%] [34m[1mGenerating Javascript code from ros_interface/VehicleParam.msg[0m
[ 22%] [34m[1mGenerating EusLisp code from ros_interface/VehicleParam.msg[0m
[ 22%] [34m[1mGenerating Javascript code from ros_interface/VehicleConfig.msg[0m
[ 22%] [34m[1mGenerating Python from MSG ros_interface/PadMessage[0m
[ 22%] [34m[1mGenerating Lisp code from ros_interface/RadarObstacle.msg[0m
[ 22%] [34m[1mGenerating Javascript code from ros_interface/PredictionObstacles.msg[0m
[ 22%] [34m[1mGenerating Python from MSG ros_interface/Stories[0m
[ 22%] [34m[1mGenerating C++ code from ros_interface/EStop.msg[0m
[ 22%] [34m[1mGenerating Python from MSG ros_interface/Fault[0m
[ 22%] [34m[1mGenerating Javascript code from ros_interface/Location.msg[0m
[ 22%] [34m[1mGenerating EusLisp code from ros_interface/VehicleConfig.msg[0m
[ 23%] [34m[1mGenerating Lisp code from ros_interface/UltrasonicObstacle.msg[0m
[ 23%] [34m[1mGenerating Javascript code from ros_interface/Odometry.msg[0m
[ 23%] [34m[1mGenerating Lisp code from ros_interface/PointXYZIRT.msg[0m
[ 23%] [34m[1mGenerating EusLisp code from ros_interface/PredictionObstacles.msg[0m
[ 23%] [34m[1mGenerating Python from MSG ros_interface/Faults[0m
[ 24%] [34m[1mGenerating EusLisp code from ros_interface/Location.msg[0m
[ 24%] [34m[1mGenerating Javascript code from ros_interface/ObstacleList.msg[0m
[ 25%] [34m[1mGenerating Javascript code from ros_interface/LaneList.msg[0m
[ 26%] [34m[1mGenerating C++ code from ros_interface/Matrix3D.msg[0m
[ 26%] [34m[1mGenerating Javascript code from ros_interface/TrafficLightMsg.msg[0m
[ 26%] [34m[1mGenerating Lisp code from ros_interface/CompressedImage.msg[0m
[ 26%] [34m[1mGenerating Lisp code from ros_interface/Image.msg[0m
[ 26%] [34m[1mGenerating Lisp code from ros_interface/Gnss.msg[0m
[ 26%] [34m[1mGenerating EusLisp code from ros_interface/Odometry.msg[0m
[ 26%] [34m[1mGenerating Javascript code from ros_interface/Ultrasonic.msg[0m
[ 26%] [34m[1mGenerating Javascript code from ros_interface/RadarObstacleListMsg.msg[0m
[ 26%] [34m[1mGenerating Lisp code from ros_interface/Imu.msg[0m
[ 26%] [34m[1mGenerating Lisp code from ros_interface/Ins.msg[0m
[ 26%] [34m[1mGenerating C++ code from ros_interface/Pose.msg[0m
[ 26%] [34m[1mGenerating Javascript code from ros_interface/PointCloud.msg[0m
[ 26%] [34m[1mGenerating Python from MSG ros_interface/Event[0m
[ 26%] [34m[1mGenerating Lisp code from ros_interface/ObuCmdMsg.msg[0m
[ 26%] [34m[1mGenerating EusLisp code from ros_interface/ObstacleList.msg[0m
[ 26%] [34m[1mGenerating EusLisp code from ros_interface/LaneList.msg[0m
[ 26%] [34m[1mGenerating Python from MSG ros_interface/Events[0m
[ 26%] [34m[1mGenerating Javascript code from ros_interface/RadarObstacle.msg[0m
[ 26%] [34m[1mGenerating Javascript code from ros_interface/UltrasonicObstacle.msg[0m
[ 27%] [34m[1mGenerating Lisp code from ros_interface/RoutingRequest.msg[0m
[ 28%] [34m[1mGenerating Python from MSG ros_interface/EStop[0m
[ 28%] [34m[1mGenerating EusLisp code from ros_interface/TrafficLightMsg.msg[0m
[ 28%] [34m[1mGenerating C++ code from ros_interface/Uncertainty.msg[0m
[ 28%] [34m[1mGenerating Python from MSG ros_interface/Matrix3D[0m
[ 28%] [34m[1mGenerating Lisp code from ros_interface/ObuCmd.msg[0m
[ 28%] [34m[1mGenerating Lisp code from ros_interface/ParkingInfo.msg[0m
[ 28%] [34m[1mGenerating Javascript code from ros_interface/PointXYZIRT.msg[0m
[ 28%] [34m[1mGenerating Lisp code from ros_interface/KeyPoint.msg[0m
[ 29%] [34m[1mGenerating Javascript code from ros_interface/CompressedImage.msg[0m
[ 29%] [34m[1mGenerating Lisp code from ros_interface/SensorCalibrator.msg[0m
[ 29%] [34m[1mGenerating EusLisp code from ros_interface/Ultrasonic.msg[0m
[ 29%] [34m[1mGenerating Javascript code from ros_interface/Image.msg[0m
[ 29%] [34m[1mGenerating Lisp code from ros_interface/TrafficLight.msg[0m
[ 29%] [34m[1mGenerating Python from MSG ros_interface/Pose[0m
[ 29%] [34m[1mGenerating C++ code from ros_interface/Chassis.msg[0m
[ 29%] [34m[1mGenerating C++ code from ros_interface/ControlCommand.msg[0m
[ 29%] [34m[1mGenerating C++ code from ros_interface/WheelInfo.msg[0m
[ 29%] [34m[1mGenerating EusLisp code from ros_interface/RadarObstacleListMsg.msg[0m
[ 29%] [34m[1mGenerating Javascript code from ros_interface/Gnss.msg[0m
[ 29%] [34m[1mGenerating Javascript code from ros_interface/Imu.msg[0m
[ 29%] [34m[1mGenerating Lisp code from ros_interface/StopPoint.msg[0m
[ 29%] [34m[1mGenerating Python from MSG ros_interface/Uncertainty[0m
[ 29%] [34m[1mGenerating C++ code from ros_interface/ControlAnalysis.msg[0m
[ 29%] [34m[1mGenerating Javascript code from ros_interface/Ins.msg[0m
[ 29%] [34m[1mGenerating C++ code from ros_interface/VehicleParam.msg[0m
[ 29%] [34m[1mGenerating EusLisp code from ros_interface/PointCloud.msg[0m
[ 29%] [34m[1mGenerating Lisp code from ros_interface/LanePoint.msg[0m
[ 30%] [34m[1mGenerating C++ code from ros_interface/VehicleConfig.msg[0m
[ 30%] [34m[1mGenerating Python from MSG ros_interface/Chassis[0m
[ 30%] [34m[1mGenerating Javascript code from ros_interface/ObuCmdMsg.msg[0m
[ 31%] [34m[1mGenerating Lisp code from ros_interface/LaneInfo.msg[0m
[ 31%] [34m[1mGenerating C++ code from ros_interface/PredictionObstacles.msg[0m
[ 32%] [34m[1mGenerating EusLisp code from ros_interface/RadarObstacle.msg[0m
[ 32%] [34m[1mGenerating Javascript code from ros_interface/RoutingRequest.msg[0m
[ 32%] [34m[1mGenerating EusLisp code from ros_interface/UltrasonicObstacle.msg[0m
[ 32%] [34m[1mGenerating C++ code from ros_interface/Location.msg[0m
[ 32%] [34m[1mGenerating Lisp code from ros_interface/ObstacleIntent.msg[0m
[ 32%] [34m[1mGenerating Python from MSG ros_interface/ControlCommand[0m
[ 32%] [34m[1mGenerating Lisp code from ros_interface/RoutingResponse.msg[0m
[ 32%] [34m[1mGenerating Javascript code from ros_interface/ObuCmd.msg[0m
[ 32%] [34m[1mGenerating Python from MSG ros_interface/WheelInfo[0m
[ 32%] [34m[1mGenerating EusLisp code from ros_interface/PointXYZIRT.msg[0m
[ 32%] [34m[1mGenerating EusLisp code from ros_interface/CompressedImage.msg[0m
[ 32%] [34m[1mGenerating EusLisp code from ros_interface/Image.msg[0m
[ 32%] [34m[1mGenerating Lisp code from ros_interface/StopInfo.msg[0m
[ 33%] [34m[1mGenerating Javascript code from ros_interface/ParkingInfo.msg[0m
[ 33%] [34m[1mGenerating C++ code from ros_interface/Odometry.msg[0m
[ 33%] [34m[1mGenerating EusLisp code from ros_interface/Gnss.msg[0m
[ 33%] [34m[1mGenerating EusLisp code from ros_interface/Imu.msg[0m
[ 33%] [34m[1mGenerating Lisp code from ros_interface/ADCTrajectory.msg[0m
[ 33%] [34m[1mGenerating Javascript code from ros_interface/KeyPoint.msg[0m
[ 33%] [34m[1mGenerating Javascript code from ros_interface/SensorCalibrator.msg[0m
[ 33%] [34m[1mGenerating Python from MSG ros_interface/ControlAnalysis[0m
[ 33%] [34m[1mGenerating Javascript code from ros_interface/TrafficLight.msg[0m
[ 33%] [34m[1mGenerating C++ code from ros_interface/ObstacleList.msg[0m
[ 33%] [34m[1mGenerating Lisp code from ros_interface/BBox2D.msg[0m
[ 33%] [34m[1mGenerating Lisp code from ros_interface/Obstacle.msg[0m
[ 33%] [34m[1mGenerating EusLisp code from ros_interface/Ins.msg[0m
[ 34%] [34m[1mGenerating EusLisp code from ros_interface/ObuCmdMsg.msg[0m
[ 35%] [34m[1mGenerating Lisp code from ros_interface/RSSInfo.msg[0m
[ 35%] [34m[1mGenerating Javascript code from ros_interface/StopPoint.msg[0m
[ 35%] [34m[1mGenerating Lisp code from ros_interface/ObstaclePriority.msg[0m
[ 35%] [34m[1mGenerating Javascript code from ros_interface/LanePoint.msg[0m
[ 35%] [34m[1mGenerating Javascript code from ros_interface/LaneInfo.msg[0m
[ 35%] [34m[1mGenerating EusLisp code from ros_interface/RoutingRequest.msg[0m
[ 35%] [34m[1mGenerating Lisp code from ros_interface/PlanningCmd.msg[0m
[ 35%] [34m[1mGenerating EusLisp code from ros_interface/ObuCmd.msg[0m
[ 35%] [34m[1mGenerating C++ code from ros_interface/LaneList.msg[0m
[ 36%] [34m[1mGenerating Python from MSG ros_interface/VehicleParam[0m
[ 36%] [34m[1mGenerating EusLisp code from ros_interface/ParkingInfo.msg[0m
[ 36%] [34m[1mGenerating Javascript code from ros_interface/ObstacleIntent.msg[0m
[ 36%] [34m[1mGenerating Lisp code from ros_interface/PredictionObstacle.msg[0m
[ 37%] [34m[1mGenerating Javascript code from ros_interface/RoutingResponse.msg[0m
[ 37%] [34m[1mGenerating EusLisp code from ros_interface/KeyPoint.msg[0m
[ 37%] [34m[1mGenerating Javascript code from ros_interface/StopInfo.msg[0m
[ 37%] [34m[1mGenerating Python from MSG ros_interface/VehicleConfig[0m
[ 37%] [34m[1mGenerating C++ code from ros_interface/TrafficLightMsg.msg[0m
[ 37%] [34m[1mGenerating C++ code from ros_interface/Ultrasonic.msg[0m
[ 37%] [34m[1mGenerating EusLisp code from ros_interface/SensorCalibrator.msg[0m
[ 37%] [34m[1mGenerating Lisp code from ros_interface/TrajectoryInPrediction.msg[0m
[ 37%] [34m[1mGenerating Lisp code from ros_interface/TrajectoryPointInPrediction.msg[0m
[ 37%] [34m[1mGenerating Javascript code from ros_interface/ADCTrajectory.msg[0m
[ 37%] [34m[1mGenerating Lisp code from ros_interface/PredictionTrajectoryPoint.msg[0m
[ 37%] [34m[1mGenerating Python from MSG ros_interface/PredictionObstacles[0m
[ 37%] [34m[1mGenerating Javascript code from ros_interface/BBox2D.msg[0m
[ 37%] [34m[1mGenerating Python from MSG ros_interface/Location[0m
[ 38%] [34m[1mGenerating C++ code from ros_interface/RadarObstacleListMsg.msg[0m
[ 38%] [34m[1mGenerating Python from MSG ros_interface/Odometry[0m
[ 38%] [34m[1mGenerating EusLisp code from ros_interface/TrafficLight.msg[0m
[ 38%] [34m[1mGenerating Lisp code from ros_interface/PerceptionObstacle.msg[0m
[ 38%] [34m[1mGenerating Javascript code from ros_interface/Obstacle.msg[0m
[ 38%] [34m[1mGenerating EusLisp code from ros_interface/StopPoint.msg[0m
[ 39%] [34m[1mGenerating Lisp code from ros_interface/ObstacleFeature.msg[0m
[ 39%] [34m[1mGenerating Javascript code from ros_interface/RSSInfo.msg[0m
[ 40%] [34m[1mGenerating EusLisp code from ros_interface/LanePoint.msg[0m
[ 40%] [34m[1mGenerating C++ code from ros_interface/PointCloud.msg[0m
[ 41%] [34m[1mGenerating Javascript code from ros_interface/PlanningCmd.msg[0m
[ 41%] [34m[1mGenerating Javascript code from ros_interface/ObstaclePriority.msg[0m
[ 41%] [34m[1mGenerating Python from MSG ros_interface/ObstacleList[0m
[ 41%] [34m[1mGenerating EusLisp code from ros_interface/LaneInfo.msg[0m
[ 41%] [34m[1mGenerating Lisp code from ros_interface/LaneLine.msg[0m
[ 41%] [34m[1mGenerating EusLisp code from ros_interface/ObstacleIntent.msg[0m
[ 41%] [34m[1mGenerating EusLisp code from ros_interface/RoutingResponse.msg[0m
[ 41%] [34m[1mGenerating Lisp code from ros_interface/LaneLineCubicCurve.msg[0m
[ 41%] [34m[1mGenerating Lisp code from ros_interface/EndPoints.msg[0m
[ 41%] [34m[1mGenerating Javascript code from ros_interface/PredictionObstacle.msg[0m
[ 41%] [34m[1mGenerating C++ code from ros_interface/RadarObstacle.msg[0m
[ 41%] [34m[1mGenerating Javascript code from ros_interface/TrajectoryInPrediction.msg[0m
[ 41%] [34m[1mGenerating Javascript code from ros_interface/TrajectoryPointInPrediction.msg[0m
[ 41%] [34m[1mGenerating Javascript code from ros_interface/PredictionTrajectoryPoint.msg[0m
[ 41%] [34m[1mGenerating Lisp code from ros_interface/FreeSpace.msg[0m
[ 41%] [34m[1mGenerating EusLisp code from ros_interface/StopInfo.msg[0m
[ 41%] [34m[1mGenerating Python from MSG ros_interface/LaneList[0m
[ 41%] [34m[1mGenerating Javascript code from ros_interface/PerceptionObstacle.msg[0m
[ 41%] [34m[1mGenerating Javascript code from ros_interface/ObstacleFeature.msg[0m
[ 41%] [34m[1mGenerating Javascript code from ros_interface/LaneLine.msg[0m
[ 41%] [34m[1mGenerating Lisp code from ros_interface/HolisticPathPrediction.msg[0m
[ 42%] [34m[1mGenerating Javascript code from ros_interface/LaneLineCubicCurve.msg[0m
[ 42%] [34m[1mGenerating Javascript code from ros_interface/EndPoints.msg[0m
[ 42%] [34m[1mGenerating EusLisp code from ros_interface/ADCTrajectory.msg[0m
[ 42%] [34m[1mGenerating C++ code from ros_interface/UltrasonicObstacle.msg[0m
[ 42%] [34m[1mGenerating Javascript code from ros_interface/FreeSpace.msg[0m
[ 42%] [34m[1mGenerating Lisp code from ros_interface/RoadMark.msg[0m
[ 42%] [34m[1mGenerating C++ code from ros_interface/PointXYZIRT.msg[0m
[ 42%] [34m[1mGenerating EusLisp code from ros_interface/BBox2D.msg[0m
[ 43%] [34m[1mGenerating EusLisp code from ros_interface/Obstacle.msg[0m
[ 43%] [34m[1mGenerating Python from MSG ros_interface/TrafficLightMsg[0m
[ 44%] [34m[1mGenerating Python from MSG ros_interface/Ultrasonic[0m
[ 44%] [34m[1mGenerating Javascript code from ros_interface/HolisticPathPrediction.msg[0m
[ 44%] [34m[1mGenerating Lisp code from ros_interface/TrafficLightDebug.msg[0m
[ 44%] [34m[1mGenerating Javascript code from ros_interface/RoadMark.msg[0m
[ 44%] [34m[1mGenerating EusLisp code from ros_interface/RSSInfo.msg[0m
[ 44%] [34m[1mGenerating C++ code from ros_interface/CompressedImage.msg[0m
[ 44%] [34m[1mGenerating C++ code from ros_interface/Image.msg[0m
[ 44%] [34m[1mGenerating EusLisp code from ros_interface/ObstaclePriority.msg[0m
[ 44%] [34m[1mGenerating Javascript code from ros_interface/TrafficLightDebug.msg[0m
[ 45%] [34m[1mGenerating Lisp code from ros_interface/TrafficLightBox.msg[0m
[ 45%] [34m[1mGenerating Python from MSG ros_interface/RadarObstacleListMsg[0m
[ 45%] [34m[1mGenerating EusLisp code from ros_interface/PlanningCmd.msg[0m
[ 45%] [34m[1mGenerating EusLisp code from ros_interface/PredictionObstacle.msg[0m
[ 45%] [34m[1mGenerating EusLisp code from ros_interface/TrajectoryPointInPrediction.msg[0m
[ 45%] [34m[1mGenerating C++ code from ros_interface/Gnss.msg[0m
[ 45%] [34m[1mGenerating EusLisp code from ros_interface/TrajectoryInPrediction.msg[0m
[ 45%] [34m[1mGenerating Javascript code from ros_interface/TrafficLightBox.msg[0m
[ 45%] [34m[1mGenerating Lisp code from ros_interface/ImageRect.msg[0m
[ 45%] [34m[1mGenerating EusLisp code from ros_interface/PredictionTrajectoryPoint.msg[0m
[ 45%] [34m[1mGenerating Lisp code from ros_interface/RadarState.msg[0m
[ 45%] [34m[1mGenerating Javascript code from ros_interface/ImageRect.msg[0m
[ 45%] [34m[1mGenerating Lisp code from ros_interface/RadarStateError.msg[0m
[ 45%] [34m[1mGenerating Lisp code from ros_interface/RadarStateMode.msg[0m
[ 46%] [34m[1mGenerating C++ code from ros_interface/Imu.msg[0m
[ 46%] [34m[1mGenerating Python from MSG ros_interface/PointCloud[0m
[ 46%] [34m[1mGenerating Python from MSG ros_interface/RadarObstacle[0m
[ 46%] [34m[1mGenerating Lisp code from ros_interface/SotifMonitorResult.msg[0m
[ 47%] [34m[1mGenerating EusLisp code from ros_interface/PerceptionObstacle.msg[0m
[ 48%] [34m[1mGenerating Javascript code from ros_interface/RadarState.msg[0m
[ 48%] [34m[1mGenerating Javascript code from ros_interface/RadarStateError.msg[0m
[ 48%] [34m[1mGenerating Lisp code from ros_interface/Region.msg[0m
[ 48%] [34m[1mGenerating Lisp code from ros_interface/Grid.msg[0m
[ 48%] [34m[1mGenerating Javascript code from ros_interface/RadarStateMode.msg[0m
[ 48%] [34m[1mGenerating EusLisp code from ros_interface/ObstacleFeature.msg[0m
[ 48%] [34m[1mGenerating C++ code from ros_interface/Ins.msg[0m
[ 48%] [34m[1mGenerating EusLisp code from ros_interface/LaneLine.msg[0m
[ 48%] [34m[1mGenerating Python from MSG ros_interface/UltrasonicObstacle[0m
[ 49%] [34m[1mGenerating Lisp code from ros_interface/CameraParkingInfo.msg[0m
[ 49%] [34m[1mGenerating Lisp code from ros_interface/CameraParkingInfoList.msg[0m
[ 49%] [34m[1mGenerating Python from MSG ros_interface/PointXYZIRT[0m
[ 49%] [34m[1mGenerating Javascript code from ros_interface/SotifMonitorResult.msg[0m
[ 49%] [34m[1mGenerating Javascript code from ros_interface/Region.msg[0m
[ 49%] [34m[1mGenerating Lisp code from ros_interface/SecurityDecision.msg[0m
[ 49%] [34m[1mGenerating C++ code from ros_interface/ObuCmdMsg.msg[0m
[ 49%] [34m[1mGenerating Lisp code from ros_interface/WarningCommand.msg[0m
[ 49%] [34m[1mGenerating EusLisp code from ros_interface/LaneLineCubicCurve.msg[0m
[ 49%] [34m[1mGenerating Javascript code from ros_interface/Grid.msg[0m
[ 49%] [34m[1mGenerating Lisp code from ros_interface/TrajectoryLimitCommand.msg[0m
[ 49%] [34m[1mGenerating Javascript code from ros_interface/CameraParkingInfo.msg[0m
[ 49%] [34m[1mGenerating Lisp code from ros_interface/ParkingInfoList.msg[0m
[ 49%] [34m[1mGenerating Javascript code from ros_interface/CameraParkingInfoList.msg[0m
[ 49%] [34m[1mGenerating EusLisp code from ros_interface/EndPoints.msg[0m
[ 49%] [34m[1mGenerating Lisp code from ros_interface/CommCommand.msg[0m
[ 49%] [34m[1mGenerating Python from MSG ros_interface/CompressedImage[0m
[ 49%] [34m[1mGenerating EusLisp code from ros_interface/FreeSpace.msg[0m
[ 49%] [34m[1mGenerating C++ code from ros_interface/RoutingRequest.msg[0m
[ 50%] [34m[1mGenerating Javascript code from ros_interface/SecurityDecision.msg[0m
[ 50%] [34m[1mGenerating Javascript code from ros_interface/WarningCommand.msg[0m
[ 50%] [34m[1mGenerating Javascript code from ros_interface/TrajectoryLimitCommand.msg[0m
[ 50%] [34m[1mGenerating Lisp code from ros_interface/CommandRespond.msg[0m
[ 50%] [34m[1mGenerating EusLisp code from ros_interface/HolisticPathPrediction.msg[0m
[ 50%] [34m[1mGenerating Javascript code from ros_interface/ParkingInfoList.msg[0m
[ 50%] [34m[1mGenerating EusLisp code from ros_interface/RoadMark.msg[0m
[ 50%] [34m[1mGenerating EusLisp code from ros_interface/TrafficLightBox.msg[0m
[ 51%] [34m[1mGenerating EusLisp code from ros_interface/TrafficLightDebug.msg[0m
[ 51%] [34m[1mGenerating C++ code from ros_interface/ObuCmd.msg[0m
[ 52%] [34m[1mGenerating Lisp code from ros_interface/ModuleStatus.msg[0m
[ 52%] [34m[1mGenerating Python from MSG ros_interface/Image[0m
[ 52%] [34m[1mGenerating Javascript code from ros_interface/CommCommand.msg[0m
[ 52%] [34m[1mGenerating Javascript code from ros_interface/CommandRespond.msg[0m
[ 52%] [34m[1mGenerating Lisp code from ros_interface/Command.msg[0m
[ 53%] [34m[1mGenerating Python from MSG ros_interface/Gnss[0m
[ 53%] [34m[1mGenerating C++ code from ros_interface/ParkingInfo.msg[0m
[ 53%] [34m[1mGenerating EusLisp code from ros_interface/ImageRect.msg[0m
[ 53%] [34m[1mGenerating Javascript code from ros_interface/ModuleStatus.msg[0m
[ 53%] [34m[1mGenerating C++ code from ros_interface/KeyPoint.msg[0m
[ 53%] [34m[1mGenerating Javascript code from ros_interface/Command.msg[0m
[ 53%] [34m[1mGenerating Lisp code from ros_interface/Message.msg[0m
[ 53%] [34m[1mGenerating EusLisp code from ros_interface/RadarState.msg[0m
[ 53%] [34m[1mGenerating EusLisp code from ros_interface/RadarStateError.msg[0m
[ 53%] [34m[1mGenerating EusLisp code from ros_interface/RadarStateMode.msg[0m
[ 53%] [34m[1mGenerating EusLisp code from ros_interface/SotifMonitorResult.msg[0m
[ 54%] [34m[1mGenerating Javascript code from ros_interface/Message.msg[0m
[ 54%] [34m[1mGenerating Lisp code from ros_interface/PlanningAnalysis.msg[0m
[ 54%] [34m[1mGenerating C++ code from ros_interface/SensorCalibrator.msg[0m
[ 54%] [34m[1mGenerating Python from MSG ros_interface/Imu[0m
[ 55%] [34m[1mGenerating C++ code from ros_interface/TrafficLight.msg[0m
[ 55%] [34m[1mGenerating C++ code from ros_interface/StopPoint.msg[0m
[ 55%] [34m[1mGenerating Javascript code from ros_interface/PlanningAnalysis.msg[0m
[ 55%] [34m[1mGenerating EusLisp code from ros_interface/Region.msg[0m
[ 55%] [34m[1mGenerating Lisp code from ros_interface/TimeConsume.msg[0m
[ 55%] [34m[1mGenerating Python from MSG ros_interface/Ins[0m
[ 55%] [34m[1mGenerating Javascript code from ros_interface/TimeConsume.msg[0m
[ 55%] [34m[1mGenerating Lisp code from ros_interface/PlanningParkingDebug.msg[0m
[ 56%] [34m[1mGenerating EusLisp code from ros_interface/Grid.msg[0m
[ 56%] [34m[1mGenerating Lisp code from ros_interface/TrajectoryArray.msg[0m
[ 56%] [34m[1mGenerating Lisp code from ros_interface/VehicleState.msg[0m
[ 56%] [34m[1mGenerating C++ code from ros_interface/LanePoint.msg[0m
[ 56%] [34m[1mGenerating Javascript code from ros_interface/PlanningParkingDebug.msg[0m
[ 56%] [34m[1mGenerating EusLisp code from ros_interface/CameraParkingInfo.msg[0m
[ 56%] [34m[1mGenerating Javascript code from ros_interface/TrajectoryArray.msg[0m
[ 57%] [34m[1mGenerating Lisp code from ros_interface/DrivableRegion.msg[0m
[ 57%] [34m[1mGenerating Lisp code from ros_interface/ObstacleInteractiveTag.msg[0m
[ 57%] [34m[1mGenerating Lisp code from ros_interface/ParkingStateDisplay.msg[0m
[ 57%] [34m[1mGenerating Javascript code from ros_interface/VehicleState.msg[0m
[ 57%] [34m[1mGenerating Python from MSG ros_interface/ObuCmdMsg[0m
[ 57%] [34m[1mGenerating Lisp code from ros_interface/Twist.msg[0m
[ 57%] [34m[1mGenerating C++ code from ros_interface/LaneInfo.msg[0m
[ 57%] [34m[1mGenerating EusLisp code from ros_interface/CameraParkingInfoList.msg[0m
[ 57%] [34m[1mGenerating Lisp code from ros_interface/ParkingRoi.msg[0m
[ 57%] [34m[1mGenerating EusLisp code from ros_interface/SecurityDecision.msg[0m
[ 57%] [34m[1mGenerating Lisp code from ros_interface/Point2dList.msg[0m
[ 57%] [34m[1mGenerating Lisp code from ros_interface/ParkingOutInfo.msg[0m
[ 57%] [34m[1mGenerating Javascript code from ros_interface/DrivableRegion.msg[0m
[ 57%] [34m[1mGenerating Javascript code from ros_interface/ObstacleInteractiveTag.msg[0m
[ 58%] [34m[1mGenerating Javascript code from ros_interface/Twist.msg[0m
[ 58%] [34m[1mGenerating EusLisp code from ros_interface/WarningCommand.msg[0m
[ 58%] [34m[1mGenerating C++ code from ros_interface/ObstacleIntent.msg[0m
[ 58%] [34m[1mGenerating Python from MSG ros_interface/RoutingRequest[0m
[ 58%] [34m[1mGenerating C++ code from ros_interface/RoutingResponse.msg[0m
[ 58%] [34m[1mGenerating Python from MSG ros_interface/ObuCmd[0m
[ 58%] [34m[1mGenerating Python from MSG ros_interface/ParkingInfo[0m
[ 58%] [34m[1mGenerating Javascript code from ros_interface/ParkingStateDisplay.msg[0m
[ 58%] [34m[1mGenerating Lisp code from ros_interface/JunctionInfo.msg[0m
[ 58%] [34m[1mGenerating EusLisp code from ros_interface/TrajectoryLimitCommand.msg[0m
[ 59%] [34m[1mGenerating Lisp code from ros_interface/TrafficEvents.msg[0m
[ 59%] [34m[1mGenerating Javascript code from ros_interface/ParkingRoi.msg[0m
[ 59%] [34m[1mGenerating EusLisp code from ros_interface/ParkingInfoList.msg[0m
[ 59%] [34m[1mGenerating C++ code from ros_interface/StopInfo.msg[0m
[ 59%] [34m[1mGenerating Javascript code from ros_interface/Point2dList.msg[0m
[ 59%] [34m[1mGenerating Lisp code from ros_interface/LimitSpeedInfo.msg[0m
[ 59%] [34m[1mGenerating Lisp code from ros_interface/Log.msg[0m
[ 59%] [34m[1mGenerating Lisp code from ros_interface/Pavementype.msg[0m
[ 59%] [34m[1mGenerating Python from MSG ros_interface/KeyPoint[0m
[ 60%] [34m[1mGenerating Python from MSG ros_interface/SensorCalibrator[0m
[ 60%] [34m[1mGenerating Javascript code from ros_interface/ParkingOutInfo.msg[0m
[ 60%] [34m[1mGenerating EusLisp code from ros_interface/CommCommand.msg[0m
[ 60%] [34m[1mGenerating Python from MSG ros_interface/TrafficLight[0m
[ 61%] [34m[1mGenerating EusLisp code from ros_interface/CommandRespond.msg[0m
[ 61%] [34m[1mGenerating Lisp code from ros_interface/WLConstraintInfoList.msg[0m
[ 62%] [34m[1mGenerating C++ code from ros_interface/ADCTrajectory.msg[0m
[ 62%] [34m[1mGenerating Javascript code from ros_interface/JunctionInfo.msg[0m
[ 62%] [34m[1mGenerating Javascript code from ros_interface/TrafficEvents.msg[0m
[ 62%] [34m[1mGenerating Lisp code from ros_interface/WLConstraintInfo.msg[0m
[ 62%] [34m[1mGenerating EusLisp code from ros_interface/ModuleStatus.msg[0m
[ 62%] [34m[1mGenerating Lisp code from ros_interface/UssObstacleList.msg[0m
[ 62%] [34m[1mGenerating Lisp code from ros_interface/UssObstacle.msg[0m
[ 62%] [34m[1mGenerating Javascript code from ros_interface/LimitSpeedInfo.msg[0m
[ 62%] [34m[1mGenerating Python from MSG ros_interface/StopPoint[0m
[ 62%] [34m[1mGenerating C++ code from ros_interface/BBox2D.msg[0m
[ 63%] [34m[1mGenerating Lisp code from ros_interface/UssParkingInfoList.msg[0m
[ 63%] [34m[1mGenerating Lisp code from ros_interface/UssParkingInfo.msg[0m
[ 63%] [34m[1mGenerating EusLisp code from ros_interface/Command.msg[0m
[ 64%] [34m[1mGenerating Javascript code from ros_interface/Log.msg[0m
[ 64%] [34m[1mGenerating Lisp code from ros_interface/CameraParkingStopper.msg[0m
[ 64%] [34m[1mGenerating C++ code from ros_interface/Obstacle.msg[0m
[ 64%] [34m[1mGenerating Lisp code from ros_interface/ParkingStopper.msg[0m
[ 64%] [34m[1mGenerating C++ code from ros_interface/RSSInfo.msg[0m
[ 64%] [34m[1mGenerating Javascript code from ros_interface/Pavementype.msg[0m
[ 64%] [34m[1mGenerating Javascript code from ros_interface/WLConstraintInfoList.msg[0m
[ 64%] [34m[1mGenerating EusLisp code from ros_interface/Message.msg[0m
[ 64%] [34m[1mGenerating Javascript code from ros_interface/WLConstraintInfo.msg[0m
[ 64%] [34m[1mGenerating Python from MSG ros_interface/LanePoint[0m
[ 64%] [34m[1mGenerating Python from MSG ros_interface/LaneInfo[0m
[ 64%] [34m[1mGenerating C++ code from ros_interface/ObstaclePriority.msg[0m
[ 64%] [34m[1mGenerating Lisp code from ros_interface/DiagnosticArray.msg[0m
[ 64%] [34m[1mGenerating EusLisp code from ros_interface/PlanningAnalysis.msg[0m
[ 64%] [34m[1mGenerating Lisp code from ros_interface/DiagnosticStatus.msg[0m
[ 64%] [34m[1mGenerating Javascript code from ros_interface/UssObstacleList.msg[0m
[ 64%] [34m[1mGenerating C++ code from ros_interface/PlanningCmd.msg[0m
[ 64%] [34m[1mGenerating Lisp code from ros_interface/KeyValues.msg[0m
[ 64%] [34m[1mGenerating Javascript code from ros_interface/UssObstacle.msg[0m
[ 64%] [34m[1mGenerating Lisp code from ros_interface/AlarmMessage.msg[0m
[ 65%] [34m[1mGenerating Lisp code from ros_interface/LaneletInfo.msg[0m
[ 65%] [34m[1mGenerating EusLisp code from ros_interface/TimeConsume.msg[0m
[ 65%] [34m[1mGenerating Python from MSG ros_interface/ObstacleIntent[0m
[ 65%] [34m[1mGenerating Lisp code from ros_interface/GlobalRouteMsg.msg[0m
[ 65%] [34m[1mGenerating Javascript code from ros_interface/UssParkingInfoList.msg[0m
[ 65%] [34m[1mGenerating C++ code from ros_interface/PredictionObstacle.msg[0m
[ 65%] [34m[1mGenerating Lisp code from ros_interface/RouteFusionInfo.msg[0m
[ 65%] [34m[1mGenerating Lisp code from ros_interface/RoadMarkList.msg[0m
[ 65%] [34m[1mGenerating EusLisp code from ros_interface/PlanningParkingDebug.msg[0m
[ 65%] [34m[1mGenerating EusLisp code from ros_interface/TrajectoryArray.msg[0m
[ 65%] [34m[1mGenerating Javascript code from ros_interface/UssParkingInfo.msg[0m
[ 66%] [34m[1mGenerating EusLisp code from ros_interface/VehicleState.msg[0m
[ 66%] [34m[1mGenerating Lisp code from ros_interface/HMIObuCmd.msg[0m
[ 66%] [34m[1mGenerating Lisp code from ros_interface/HMIObuCmdMsg.msg[0m
[ 66%] [34m[1mGenerating EusLisp code from ros_interface/DrivableRegion.msg[0m
[ 67%] [34m[1mGenerating Javascript code from ros_interface/CameraParkingStopper.msg[0m
[ 67%] [34m[1mGenerating C++ code from ros_interface/TrajectoryInPrediction.msg[0m
[ 67%] [34m[1mGenerating Python from MSG ros_interface/RoutingResponse[0m
[ 68%] [34m[1mGenerating C++ code from ros_interface/TrajectoryPointInPrediction.msg[0m
[ 68%] [34m[1mGenerating EusLisp code from ros_interface/ObstacleInteractiveTag.msg[0m
[ 68%] [34m[1mGenerating Lisp code from ros_interface/HMIParkingStateDisplay.msg[0m
[ 68%] [34m[1mGenerating Javascript code from ros_interface/ParkingStopper.msg[0m
[ 68%] [34m[1mGenerating Python from MSG ros_interface/StopInfo[0m
[ 69%] [34m[1mGenerating Python from MSG ros_interface/ADCTrajectory[0m
[ 69%] [34m[1mGenerating Lisp code from ros_interface/HMIParkingInfo.msg[0m
[ 69%] [34m[1mGenerating C++ code from ros_interface/PredictionTrajectoryPoint.msg[0m
[ 69%] [34m[1mGenerating EusLisp code from ros_interface/Twist.msg[0m
[ 69%] [34m[1mGenerating Javascript code from ros_interface/DiagnosticArray.msg[0m
[ 69%] [34m[1mGenerating C++ code from ros_interface/PerceptionObstacle.msg[0m
[ 69%] [34m[1mGenerating C++ code from ros_interface/ObstacleFeature.msg[0m
[ 70%] [34m[1mGenerating Lisp code from ros_interface/HMIParkingInfoList.msg[0m
[ 70%] [34m[1mGenerating Javascript code from ros_interface/DiagnosticStatus.msg[0m
[ 70%] [34m[1mGenerating Lisp code from ros_interface/HMIVehicleMsg.msg[0m
[ 70%] [34m[1mGenerating EusLisp code from ros_interface/ParkingStateDisplay.msg[0m
[ 70%] [34m[1mGenerating C++ code from ros_interface/LaneLine.msg[0m
[ 70%] [34m[1mGenerating C++ code from ros_interface/LaneLineCubicCurve.msg[0m
[ 70%] [34m[1mGenerating Lisp code from ros_interface/HMIObstacle.msg[0m
[ 70%] [34m[1mGenerating Javascript code from ros_interface/KeyValues.msg[0m
[ 70%] [34m[1mGenerating Python from MSG ros_interface/BBox2D[0m
[ 70%] [34m[1mGenerating Python from MSG ros_interface/Obstacle[0m
[ 70%] [34m[1mGenerating Python from MSG ros_interface/RSSInfo[0m
[ 70%] [34m[1mGenerating Lisp code from ros_interface/HMIObstacleList.msg[0m
[ 70%] [34m[1mGenerating EusLisp code from ros_interface/ParkingRoi.msg[0m
[ 70%] [34m[1mGenerating Javascript code from ros_interface/AlarmMessage.msg[0m
[ 70%] [34m[1mGenerating C++ code from ros_interface/EndPoints.msg[0m
[ 70%] [34m[1mGenerating EusLisp code from ros_interface/Point2dList.msg[0m
[ 70%] [34m[1mGenerating Lisp code from ros_interface/HMITrajectoryPoint.msg[0m
[ 70%] [34m[1mGenerating Javascript code from ros_interface/LaneletInfo.msg[0m
[ 70%] [34m[1mGenerating EusLisp code from ros_interface/ParkingOutInfo.msg[0m
[ 70%] [34m[1mGenerating Python from MSG ros_interface/PlanningCmd[0m
[ 70%] [34m[1mGenerating Python from MSG ros_interface/ObstaclePriority[0m
[ 70%] [34m[1mGenerating Lisp code from ros_interface/HMITrajectory.msg[0m
[ 70%] [34m[1mGenerating Javascript code from ros_interface/GlobalRouteMsg.msg[0m
[ 71%] [34m[1mGenerating Javascript code from ros_interface/RouteFusionInfo.msg[0m
[ 71%] [34m[1mGenerating C++ code from ros_interface/FreeSpace.msg[0m
[ 71%] [34m[1mGenerating Lisp code from ros_interface/HMIDiagnosticStatus.msg[0m
[ 71%] [34m[1mGenerating Python from MSG ros_interface/PredictionObstacle[0m
[ 72%] [34m[1mGenerating EusLisp code from ros_interface/JunctionInfo.msg[0m
[ 73%] [34m[1mGenerating Lisp code from ros_interface/HMIDiagnosticArray.msg[0m
[ 73%] [34m[1mGenerating Javascript code from ros_interface/RoadMarkList.msg[0m
[ 74%] [34m[1mGenerating C++ code from ros_interface/HolisticPathPrediction.msg[0m
[ 74%] [34m[1mGenerating Lisp code from ros_interface/GuideInfo.msg[0m
[ 74%] [34m[1mGenerating C++ code from ros_interface/RoadMark.msg[0m
[ 75%] [34m[1mGenerating Python from MSG ros_interface/TrajectoryInPrediction[0m
[ 75%] [34m[1mGenerating EusLisp code from ros_interface/TrafficEvents.msg[0m
[ 75%] [34m[1mGenerating Lisp code from ros_interface/GuideRoad.msg[0m
[ 75%] [34m[1mGenerating EusLisp code from ros_interface/LimitSpeedInfo.msg[0m
[ 75%] [34m[1mGenerating Javascript code from ros_interface/HMIObuCmd.msg[0m
[ 75%] [34m[1mGenerating C++ code from ros_interface/TrafficLightDebug.msg[0m
[ 75%] [34m[1mGenerating Python from MSG ros_interface/TrajectoryPointInPrediction[0m
[ 75%] [34m[1mGenerating Lisp code from ros_interface/CurvatureInfo.msg[0m
[ 75%] [34m[1mGenerating Python from MSG ros_interface/PredictionTrajectoryPoint[0m
[ 75%] [34m[1mGenerating Python from MSG ros_interface/PerceptionObstacle[0m
[ 75%] [34m[1mGenerating Javascript code from ros_interface/HMIObuCmdMsg.msg[0m
[ 75%] [34m[1mGenerating EusLisp code from ros_interface/Log.msg[0m
[ 75%] [34m[1mGenerating Python from MSG ros_interface/ObstacleFeature[0m
[ 75%] Built target ros_interface_generate_messages_lisp
[ 75%] [34m[1mGenerating Javascript code from ros_interface/HMIParkingStateDisplay.msg[0m
[ 75%] [34m[1mGenerating C++ code from ros_interface/TrafficLightBox.msg[0m
[ 75%] [34m[1mGenerating Python from MSG ros_interface/LaneLine[0m
[ 75%] [34m[1mGenerating Javascript code from ros_interface/HMIParkingInfo.msg[0m
[ 75%] [34m[1mGenerating EusLisp code from ros_interface/Pavementype.msg[0m
[ 75%] [34m[1mGenerating EusLisp code from ros_interface/WLConstraintInfoList.msg[0m
[ 75%] [34m[1mGenerating EusLisp code from ros_interface/WLConstraintInfo.msg[0m
[ 75%] [34m[1mGenerating EusLisp code from ros_interface/UssObstacleList.msg[0m
[ 75%] [34m[1mGenerating Python from MSG ros_interface/LaneLineCubicCurve[0m
[ 75%] [34m[1mGenerating C++ code from ros_interface/ImageRect.msg[0m
[ 75%] [34m[1mGenerating Javascript code from ros_interface/HMIParkingInfoList.msg[0m
[ 76%] [34m[1mGenerating EusLisp code from ros_interface/UssObstacle.msg[0m
[ 76%] [34m[1mGenerating Python from MSG ros_interface/EndPoints[0m
[ 76%] [34m[1mGenerating EusLisp code from ros_interface/UssParkingInfoList.msg[0m
[ 77%] [34m[1mGenerating Python from MSG ros_interface/FreeSpace[0m
[ 77%] [34m[1mGenerating EusLisp code from ros_interface/UssParkingInfo.msg[0m
[ 77%] [34m[1mGenerating Javascript code from ros_interface/HMIVehicleMsg.msg[0m
[ 77%] [34m[1mGenerating C++ code from ros_interface/RadarState.msg[0m
[ 77%] [34m[1mGenerating EusLisp code from ros_interface/CameraParkingStopper.msg[0m
[ 78%] [34m[1mGenerating Javascript code from ros_interface/HMIObstacle.msg[0m
[ 78%] [34m[1mGenerating EusLisp code from ros_interface/ParkingStopper.msg[0m
[ 78%] [34m[1mGenerating Python from MSG ros_interface/HolisticPathPrediction[0m
[ 78%] [34m[1mGenerating Javascript code from ros_interface/HMIObstacleList.msg[0m
[ 78%] [34m[1mGenerating EusLisp code from ros_interface/DiagnosticArray.msg[0m
[ 78%] [34m[1mGenerating Javascript code from ros_interface/HMITrajectoryPoint.msg[0m
[ 78%] [34m[1mGenerating Python from MSG ros_interface/RoadMark[0m
[ 78%] [34m[1mGenerating Python from MSG ros_interface/TrafficLightDebug[0m
[ 78%] [34m[1mGenerating Javascript code from ros_interface/HMITrajectory.msg[0m
[ 78%] [34m[1mGenerating EusLisp code from ros_interface/DiagnosticStatus.msg[0m
[ 78%] [34m[1mGenerating C++ code from ros_interface/RadarStateError.msg[0m
[ 78%] [34m[1mGenerating Javascript code from ros_interface/HMIDiagnosticStatus.msg[0m
[ 78%] [34m[1mGenerating C++ code from ros_interface/RadarStateMode.msg[0m
[ 78%] [34m[1mGenerating Python from MSG ros_interface/TrafficLightBox[0m
[ 78%] [34m[1mGenerating EusLisp code from ros_interface/KeyValues.msg[0m
[ 79%] [34m[1mGenerating EusLisp code from ros_interface/AlarmMessage.msg[0m
[ 79%] [34m[1mGenerating Python from MSG ros_interface/ImageRect[0m
[ 79%] [34m[1mGenerating Javascript code from ros_interface/HMIDiagnosticArray.msg[0m
[ 79%] [34m[1mGenerating Python from MSG ros_interface/RadarState[0m
[ 79%] [34m[1mGenerating Python from MSG ros_interface/RadarStateError[0m
[ 80%] [34m[1mGenerating C++ code from ros_interface/SotifMonitorResult.msg[0m
[ 80%] [34m[1mGenerating EusLisp code from ros_interface/LaneletInfo.msg[0m
[ 80%] [34m[1mGenerating C++ code from ros_interface/Region.msg[0m
[ 80%] [34m[1mGenerating Javascript code from ros_interface/GuideInfo.msg[0m
[ 81%] [34m[1mGenerating Python from MSG ros_interface/RadarStateMode[0m
[ 82%] [34m[1mGenerating Javascript code from ros_interface/GuideRoad.msg[0m
[ 82%] [34m[1mGenerating EusLisp code from ros_interface/GlobalRouteMsg.msg[0m
[ 82%] [34m[1mGenerating EusLisp code from ros_interface/RouteFusionInfo.msg[0m
[ 82%] [34m[1mGenerating C++ code from ros_interface/Grid.msg[0m
[ 82%] [34m[1mGenerating Python from MSG ros_interface/Region[0m
[ 82%] [34m[1mGenerating Python from MSG ros_interface/SotifMonitorResult[0m
[ 82%] [34m[1mGenerating C++ code from ros_interface/CameraParkingInfo.msg[0m
[ 82%] [34m[1mGenerating Javascript code from ros_interface/CurvatureInfo.msg[0m
[ 82%] [34m[1mGenerating C++ code from ros_interface/SecurityDecision.msg[0m
[ 82%] [34m[1mGenerating C++ code from ros_interface/CameraParkingInfoList.msg[0m
[ 82%] [34m[1mGenerating EusLisp code from ros_interface/RoadMarkList.msg[0m
[ 82%] Built target ros_interface_generate_messages_nodejs
[ 82%] [34m[1mGenerating EusLisp code from ros_interface/HMIObuCmd.msg[0m
[ 82%] [34m[1mGenerating EusLisp code from ros_interface/HMIObuCmdMsg.msg[0m
[ 82%] [34m[1mGenerating C++ code from ros_interface/WarningCommand.msg[0m
[ 82%] [34m[1mGenerating Python from MSG ros_interface/Grid[0m
[ 82%] [34m[1mGenerating C++ code from ros_interface/TrajectoryLimitCommand.msg[0m
[ 82%] [34m[1mGenerating EusLisp code from ros_interface/HMIParkingStateDisplay.msg[0m
[ 83%] [34m[1mGenerating C++ code from ros_interface/ParkingInfoList.msg[0m
[ 83%] [34m[1mGenerating C++ code from ros_interface/CommCommand.msg[0m
[ 83%] [34m[1mGenerating C++ code from ros_interface/CommandRespond.msg[0m
[ 83%] [34m[1mGenerating C++ code from ros_interface/ModuleStatus.msg[0m
[ 83%] [34m[1mGenerating C++ code from ros_interface/Command.msg[0m
[ 83%] [34m[1mGenerating C++ code from ros_interface/Message.msg[0m
[ 84%] [34m[1mGenerating EusLisp code from ros_interface/HMIParkingInfo.msg[0m
[ 84%] [34m[1mGenerating C++ code from ros_interface/PlanningAnalysis.msg[0m
[ 84%] [34m[1mGenerating C++ code from ros_interface/TimeConsume.msg[0m
[ 84%] [34m[1mGenerating Python from MSG ros_interface/CameraParkingInfo[0m
[ 84%] [34m[1mGenerating Python from MSG ros_interface/CameraParkingInfoList[0m
[ 84%] [34m[1mGenerating Python from MSG ros_interface/SecurityDecision[0m
[ 84%] [34m[1mGenerating EusLisp code from ros_interface/HMIParkingInfoList.msg[0m
[ 85%] [34m[1mGenerating C++ code from ros_interface/PlanningParkingDebug.msg[0m
[ 85%] [34m[1mGenerating C++ code from ros_interface/TrajectoryArray.msg[0m
[ 85%] [34m[1mGenerating Python from MSG ros_interface/WarningCommand[0m
[ 85%] [34m[1mGenerating EusLisp code from ros_interface/HMIVehicleMsg.msg[0m
[ 85%] [34m[1mGenerating EusLisp code from ros_interface/HMIObstacle.msg[0m
[ 86%] [34m[1mGenerating Python from MSG ros_interface/TrajectoryLimitCommand[0m
[ 86%] [34m[1mGenerating Python from MSG ros_interface/ParkingInfoList[0m
[ 86%] [34m[1mGenerating C++ code from ros_interface/VehicleState.msg[0m
[ 86%] [34m[1mGenerating EusLisp code from ros_interface/HMIObstacleList.msg[0m
[ 86%] [34m[1mGenerating C++ code from ros_interface/DrivableRegion.msg[0m
[ 86%] [34m[1mGenerating EusLisp code from ros_interface/HMITrajectoryPoint.msg[0m
[ 86%] [34m[1mGenerating C++ code from ros_interface/ObstacleInteractiveTag.msg[0m
[ 86%] [34m[1mGenerating C++ code from ros_interface/Twist.msg[0m
[ 86%] [34m[1mGenerating EusLisp code from ros_interface/HMITrajectory.msg[0m
[ 86%] [34m[1mGenerating C++ code from ros_interface/ParkingStateDisplay.msg[0m
[ 87%] [34m[1mGenerating EusLisp code from ros_interface/HMIDiagnosticStatus.msg[0m
[ 87%] [34m[1mGenerating Python from MSG ros_interface/CommCommand[0m
[ 87%] [34m[1mGenerating C++ code from ros_interface/ParkingRoi.msg[0m
[ 87%] [34m[1mGenerating EusLisp code from ros_interface/HMIDiagnosticArray.msg[0m
[ 87%] [34m[1mGenerating EusLisp code from ros_interface/GuideRoad.msg[0m
[ 87%] [34m[1mGenerating EusLisp code from ros_interface/GuideInfo.msg[0m
[ 87%] [34m[1mGenerating EusLisp code from ros_interface/CurvatureInfo.msg[0m
[ 88%] [34m[1mGenerating C++ code from ros_interface/Point2dList.msg[0m
[ 88%] [34m[1mGenerating Python from MSG ros_interface/CommandRespond[0m
[ 88%] [34m[1mGenerating C++ code from ros_interface/ParkingOutInfo.msg[0m
[ 88%] [34m[1mGenerating EusLisp manifest code for ros_interface[0m
[ 88%] [34m[1mGenerating Python from MSG ros_interface/ModuleStatus[0m
[ 88%] [34m[1mGenerating C++ code from ros_interface/JunctionInfo.msg[0m
[ 88%] [34m[1mGenerating C++ code from ros_interface/TrafficEvents.msg[0m
[ 88%] [34m[1mGenerating C++ code from ros_interface/LimitSpeedInfo.msg[0m
[ 88%] [34m[1mGenerating C++ code from ros_interface/Log.msg[0m
[ 88%] [34m[1mGenerating C++ code from ros_interface/Pavementype.msg[0m
[ 88%] [34m[1mGenerating C++ code from ros_interface/WLConstraintInfoList.msg[0m
[ 88%] [34m[1mGenerating Python from MSG ros_interface/Command[0m
[ 89%] [34m[1mGenerating C++ code from ros_interface/WLConstraintInfo.msg[0m
[ 89%] [34m[1mGenerating C++ code from ros_interface/UssObstacleList.msg[0m
[ 89%] [34m[1mGenerating C++ code from ros_interface/UssObstacle.msg[0m
[ 89%] [34m[1mGenerating C++ code from ros_interface/UssParkingInfoList.msg[0m
[ 89%] [34m[1mGenerating C++ code from ros_interface/UssParkingInfo.msg[0m
[ 89%] [34m[1mGenerating C++ code from ros_interface/CameraParkingStopper.msg[0m
[ 89%] [34m[1mGenerating C++ code from ros_interface/ParkingStopper.msg[0m
[ 89%] [34m[1mGenerating C++ code from ros_interface/DiagnosticArray.msg[0m
[ 89%] [34m[1mGenerating Python from MSG ros_interface/Message[0m
[ 89%] [34m[1mGenerating Python from MSG ros_interface/PlanningAnalysis[0m
[ 89%] Built target ros_interface_generate_messages_eus
[ 89%] [34m[1mGenerating C++ code from ros_interface/KeyValues.msg[0m
[ 90%] [34m[1mGenerating C++ code from ros_interface/DiagnosticStatus.msg[0m
[ 90%] [34m[1mGenerating C++ code from ros_interface/AlarmMessage.msg[0m
[ 90%] [34m[1mGenerating C++ code from ros_interface/LaneletInfo.msg[0m
[ 90%] [34m[1mGenerating C++ code from ros_interface/GlobalRouteMsg.msg[0m
[ 90%] [34m[1mGenerating C++ code from ros_interface/RouteFusionInfo.msg[0m
[ 90%] [34m[1mGenerating C++ code from ros_interface/RoadMarkList.msg[0m
[ 90%] [34m[1mGenerating C++ code from ros_interface/HMIObuCmd.msg[0m
[ 91%] [34m[1mGenerating C++ code from ros_interface/HMIObuCmdMsg.msg[0m
[ 92%] [34m[1mGenerating Python from MSG ros_interface/TimeConsume[0m
[ 92%] [34m[1mGenerating Python from MSG ros_interface/PlanningParkingDebug[0m
[ 92%] [34m[1mGenerating C++ code from ros_interface/HMIParkingStateDisplay.msg[0m
[ 92%] [34m[1mGenerating C++ code from ros_interface/HMIParkingInfoList.msg[0m
[ 92%] [34m[1mGenerating C++ code from ros_interface/HMIParkingInfo.msg[0m
[ 92%] [34m[1mGenerating C++ code from ros_interface/HMIVehicleMsg.msg[0m
[ 92%] [34m[1mGenerating Python from MSG ros_interface/TrajectoryArray[0m
[ 92%] [34m[1mGenerating C++ code from ros_interface/HMIObstacle.msg[0m
[ 92%] [34m[1mGenerating C++ code from ros_interface/HMIObstacleList.msg[0m
[ 93%] [34m[1mGenerating C++ code from ros_interface/HMITrajectoryPoint.msg[0m
[ 93%] [34m[1mGenerating Python from MSG ros_interface/VehicleState[0m
[ 93%] [34m[1mGenerating Python from MSG ros_interface/DrivableRegion[0m
[ 93%] [34m[1mGenerating C++ code from ros_interface/HMITrajectory.msg[0m
[ 93%] [34m[1mGenerating C++ code from ros_interface/HMIDiagnosticStatus.msg[0m
[ 93%] [34m[1mGenerating C++ code from ros_interface/HMIDiagnosticArray.msg[0m
[ 93%] [34m[1mGenerating C++ code from ros_interface/GuideInfo.msg[0m
[ 93%] [34m[1mGenerating Python from MSG ros_interface/ObstacleInteractiveTag[0m
[ 93%] [34m[1mGenerating C++ code from ros_interface/GuideRoad.msg[0m
[ 93%] [34m[1mGenerating Python from MSG ros_interface/Twist[0m
[ 93%] [34m[1mGenerating Python from MSG ros_interface/ParkingStateDisplay[0m
[ 94%] [34m[1mGenerating Python from MSG ros_interface/ParkingRoi[0m
[ 94%] [34m[1mGenerating Python from MSG ros_interface/Point2dList[0m
[ 94%] [34m[1mGenerating C++ code from ros_interface/CurvatureInfo.msg[0m
[ 94%] [34m[1mGenerating Python from MSG ros_interface/ParkingOutInfo[0m
[ 94%] [34m[1mGenerating Python from MSG ros_interface/TrafficEvents[0m
[ 94%] [34m[1mGenerating Python from MSG ros_interface/JunctionInfo[0m
[ 94%] [34m[1mGenerating Python from MSG ros_interface/LimitSpeedInfo[0m
[ 94%] [34m[1mGenerating Python from MSG ros_interface/Log[0m
[ 94%] [34m[1mGenerating Python from MSG ros_interface/Pavementype[0m
[ 95%] [34m[1mGenerating Python from MSG ros_interface/WLConstraintInfoList[0m
[ 95%] Built target ros_interface_generate_messages_cpp
[ 95%] [34m[1mGenerating Python from MSG ros_interface/WLConstraintInfo[0m
[ 95%] [34m[1mGenerating Python from MSG ros_interface/UssObstacleList[0m
[ 95%] [34m[1mGenerating Python from MSG ros_interface/UssObstacle[0m
[ 95%] [34m[1mGenerating Python from MSG ros_interface/UssParkingInfoList[0m
[ 95%] [34m[1mGenerating Python from MSG ros_interface/UssParkingInfo[0m
[ 95%] [34m[1mGenerating Python from MSG ros_interface/CameraParkingStopper[0m
[ 95%] [34m[1mGenerating Python from MSG ros_interface/ParkingStopper[0m
[ 96%] [34m[1mGenerating Python from MSG ros_interface/DiagnosticArray[0m
[ 96%] [34m[1mGenerating Python from MSG ros_interface/DiagnosticStatus[0m
[ 96%] [34m[1mGenerating Python from MSG ros_interface/KeyValues[0m
[ 96%] [34m[1mGenerating Python from MSG ros_interface/AlarmMessage[0m
[ 96%] [34m[1mGenerating Python from MSG ros_interface/LaneletInfo[0m
[ 96%] [34m[1mGenerating Python from MSG ros_interface/GlobalRouteMsg[0m
[ 96%] [34m[1mGenerating Python from MSG ros_interface/RouteFusionInfo[0m
[ 96%] [34m[1mGenerating Python from MSG ros_interface/RoadMarkList[0m
[ 97%] [34m[1mGenerating Python from MSG ros_interface/HMIObuCmd[0m
[ 97%] [34m[1mGenerating Python from MSG ros_interface/HMIObuCmdMsg[0m
[ 97%] [34m[1mGenerating Python from MSG ros_interface/HMIParkingStateDisplay[0m
[ 97%] [34m[1mGenerating Python from MSG ros_interface/HMIParkingInfo[0m
[ 97%] [34m[1mGenerating Python from MSG ros_interface/HMIParkingInfoList[0m
[ 97%] [34m[1mGenerating Python from MSG ros_interface/HMIVehicleMsg[0m
[ 97%] [34m[1mGenerating Python from MSG ros_interface/HMIObstacle[0m
[ 97%] [34m[1mGenerating Python from MSG ros_interface/HMIObstacleList[0m
[ 98%] [34m[1mGenerating Python from MSG ros_interface/HMITrajectoryPoint[0m
[ 98%] [34m[1mGenerating Python from MSG ros_interface/HMITrajectory[0m
[ 98%] [34m[1mGenerating Python from MSG ros_interface/HMIDiagnosticStatus[0m
[ 98%] [34m[1mGenerating Python from MSG ros_interface/HMIDiagnosticArray[0m
[ 98%] [34m[1mGenerating Python from MSG ros_interface/GuideInfo[0m
[ 98%] [34m[1mGenerating Python from MSG ros_interface/GuideRoad[0m
[ 98%] [34m[1mGenerating Python from MSG ros_interface/CurvatureInfo[0m
[100%] [34m[1mGenerating Python msg __init__.py for ros_interface[0m
[100%] Built target ros_interface_generate_messages_py
[35m[1mScanning dependencies of target ros_interface_generate_messages[0m
[100%] Built target ros_interface_generate_messages
